<?xml version="1.0" encoding="UTF-8" ?>
<testsuites disabled="0" errors="0" failures="0" tests="5" time="0.032">
 <testsuite name="Profile state reducer" timestamp="2022-12-15T18:03:24" hostname="localhost" time="0.012" errors="0" tests="0" skipped="0" disabled="0" failures="0">
 </testsuite>
 <testsuite name="Profile state reducer.when dispatch SUCCEED_FETCHING_PROFILE action" timestamp="2022-12-15T18:03:24" hostname="localhost" time="0.002" errors="0" tests="1" skipped="0" disabled="0" failures="0">
  <testcase classname="Profile state reducer.when dispatch SUCCEED_FETCHING_PROFILE action" name="should change targetUserId" time="0.002" />
 </testsuite>
 <testsuite name="Profile state reducer.when dispatch START_GET_PROFILE_BLOCKS" timestamp="2022-12-15T18:03:24" hostname="localhost" time="0.008" errors="0" tests="0" skipped="0" disabled="0" failures="0">
 </testsuite>
 <testsuite name="Profile state reducer.when dispatch START_GET_PROFILE_BLOCKS.already have same user" timestamp="2022-12-15T18:03:24" hostname="localhost" time="0" errors="0" tests="1" skipped="0" disabled="0" failures="0">
  <testcase classname="Profile state reducer.when dispatch START_GET_PROFILE_BLOCKS.already have same user" name="should set loading blocks" time="0" />
 </testsuite>
 <testsuite name="Profile state reducer.when dispatch START_GET_PROFILE_BLOCKS.first time save user" timestamp="2022-12-15T18:03:24" hostname="localhost" time="0.008" errors="0" tests="1" skipped="0" disabled="0" failures="0">
  <testcase classname="Profile state reducer.when dispatch START_GET_PROFILE_BLOCKS.first time save user" name="should set loading blocks" time="0.008" />
 </testsuite>
 <testsuite name="Profile state reducer.when dispatch SUCCEEDED_GET_PROFILE_BLOCKS" timestamp="2022-12-15T18:03:24" hostname="localhost" time="0.001" errors="0" tests="1" skipped="0" disabled="0" failures="0">
  <testcase classname="Profile state reducer.when dispatch SUCCEEDED_GET_PROFILE_BLOCKS" name="should set blocks" time="0.001" />
 </testsuite>
 <testsuite name="Profile state reducer.when dispatch FAILED_GET_PROFILE_BLOCKS" timestamp="2022-12-15T18:03:24" hostname="localhost" time="0.001" errors="0" tests="1" skipped="0" disabled="0" failures="0">
  <testcase classname="Profile state reducer.when dispatch FAILED_GET_PROFILE_BLOCKS" name="should filter loading block" time="0.001" />
 </testsuite>
</testsuites>