<?xml version="1.0" encoding="UTF-8" ?>
<testsuites disabled="0" errors="0" failures="0" tests="3" time="0.006">
 <testsuite name="DirectMessage Denormalize" timestamp="2022-12-15T18:03:25" hostname="localhost" time="0.003" errors="0" tests="0" skipped="0" disabled="0" failures="0">
 </testsuite>
 <testsuite name="DirectMessage Denormalize.directMessageDenormalizer()" timestamp="2022-12-15T18:03:25" hostname="localhost" time="0.002" errors="0" tests="1" skipped="0" disabled="0" failures="0">
  <testcase classname="DirectMessage Denormalize.directMessageDenormalizer()" name="should get DirectMessage" time="0.002" />
 </testsuite>
 <testsuite name="DirectMessage Denormalize.directMessageSingleItemDenormalizer()" timestamp="2022-12-15T18:03:25" hostname="localhost" time="0" errors="0" tests="1" skipped="0" disabled="0" failures="0">
  <testcase classname="DirectMessage Denormalize.directMessageSingleItemDenormalizer()" name="should get DirectMessage" time="0" />
 </testsuite>
 <testsuite name="DirectMessage Denormalize.directMessageListDenormalizer()" timestamp="2022-12-15T18:03:25" hostname="localhost" time="0.001" errors="0" tests="1" skipped="0" disabled="0" failures="0">
  <testcase classname="DirectMessage Denormalize.directMessageListDenormalizer()" name="should get DirectMessage" time="0.001" />
 </testsuite>
</testsuites>