<?xml version="1.0" encoding="UTF-8" ?>
<testsuites disabled="0" errors="0" failures="0" tests="8" time="0.108">
 <testsuite name="Tag action" timestamp="2022-12-15T18:03:21" hostname="localhost" time="0.036" errors="0" tests="0" skipped="0" disabled="0" failures="0">
 </testsuite>
 <testsuite name="Tag action.getTagSets()" timestamp="2022-12-15T18:03:21" hostname="localhost" time="0.011" errors="0" tests="0" skipped="0" disabled="0" failures="0">
 </testsuite>
 <testsuite name="Tag action.getTagSets().when action work properly" timestamp="2022-12-15T18:03:21" hostname="localhost" time="0.007" errors="0" tests="1" skipped="0" disabled="0" failures="0">
  <testcase classname="Tag action.getTagSets().when action work properly" name="should return START, ADD_ENTITY, SUCCEEDED" time="0.007" />
 </testsuite>
 <testsuite name="Tag action.getTagSets().when action has error" timestamp="2022-12-15T18:03:21" hostname="localhost" time="0.004" errors="0" tests="1" skipped="0" disabled="0" failures="0">
  <testcase classname="Tag action.getTagSets().when action has error" name="should return START, FAILED" time="0.004" />
 </testsuite>
 <testsuite name="Tag action.createTagSet()" timestamp="2022-12-15T18:03:21" hostname="localhost" time="0.01" errors="0" tests="0" skipped="0" disabled="0" failures="0">
 </testsuite>
 <testsuite name="Tag action.createTagSet().when action work properly" timestamp="2022-12-15T18:03:21" hostname="localhost" time="0.005" errors="0" tests="1" skipped="0" disabled="0" failures="0">
  <testcase classname="Tag action.createTagSet().when action work properly" name="should return START, ADD_ENTITY, SUCCEEDED" time="0.005" />
 </testsuite>
 <testsuite name="Tag action.createTagSet().when action has error" timestamp="2022-12-15T18:03:21" hostname="localhost" time="0.005" errors="0" tests="1" skipped="0" disabled="0" failures="0">
  <testcase classname="Tag action.createTagSet().when action has error" name="should return START, FAILED" time="0.004" />
 </testsuite>
 <testsuite name="Tag action.updateTagSet()" timestamp="2022-12-15T18:03:21" hostname="localhost" time="0.01" errors="0" tests="0" skipped="0" disabled="0" failures="0">
 </testsuite>
 <testsuite name="Tag action.updateTagSet().when action work properly" timestamp="2022-12-15T18:03:21" hostname="localhost" time="0.005" errors="0" tests="1" skipped="0" disabled="0" failures="0">
  <testcase classname="Tag action.updateTagSet().when action work properly" name="should return START, ADD_ENTITY, SUCCEEDED" time="0.005" />
 </testsuite>
 <testsuite name="Tag action.updateTagSet().when action has error" timestamp="2022-12-15T18:03:21" hostname="localhost" time="0.005" errors="0" tests="1" skipped="0" disabled="0" failures="0">
  <testcase classname="Tag action.updateTagSet().when action has error" name="should return START, FAILED" time="0.005" />
 </testsuite>
 <testsuite name="Tag action.deleteTagSets()" timestamp="2022-12-15T18:03:21" hostname="localhost" time="0.005" errors="0" tests="0" skipped="0" disabled="0" failures="0">
 </testsuite>
 <testsuite name="Tag action.deleteTagSets().when action work properly" timestamp="2022-12-15T18:03:21" hostname="localhost" time="0.003" errors="0" tests="1" skipped="0" disabled="0" failures="0">
  <testcase classname="Tag action.deleteTagSets().when action work properly" name="should return START, SUCCEEDED" time="0.002" />
 </testsuite>
 <testsuite name="Tag action.deleteTagSets().when action has error" timestamp="2022-12-15T18:03:21" hostname="localhost" time="0.002" errors="0" tests="1" skipped="0" disabled="0" failures="0">
  <testcase classname="Tag action.deleteTagSets().when action has error" name="should return START, FAILED" time="0.002" />
 </testsuite>
</testsuites>