<?xml version="1.0" encoding="UTF-8" ?>
<testsuites disabled="0" errors="0" failures="0" tests="2" time="0.08">
 <testsuite name="BatchService" timestamp="2022-12-15T18:03:22" hostname="localhost" time="0.027" errors="0" tests="0" skipped="0" disabled="0" failures="0">
 </testsuite>
 <testsuite name="BatchService.getNormalizedBatchDataFromEntities()" timestamp="2022-12-15T18:03:22" hostname="localhost" time="0.027" errors="0" tests="0" skipped="0" disabled="0" failures="0">
 </testsuite>
 <testsuite name="BatchService.getNormalizedBatchDataFromEntities().when receive user data" timestamp="2022-12-15T18:03:22" hostname="localhost" time="0.023" errors="0" tests="1" skipped="0" disabled="0" failures="0">
  <testcase classname="BatchService.getNormalizedBatchDataFromEntities().when receive user data" name="should get normalized user data" time="0.023" />
 </testsuite>
 <testsuite name="BatchService.getNormalizedBatchDataFromEntities().when receive file data" timestamp="2022-12-15T18:03:22" hostname="localhost" time="0.003" errors="0" tests="1" skipped="0" disabled="0" failures="0">
  <testcase classname="BatchService.getNormalizedBatchDataFromEntities().when receive file data" name="should get normalized file data" time="0.002" />
 </testsuite>
</testsuites>