<?xml version="1.0" encoding="UTF-8" ?>
<testsuites disabled="0" errors="0" failures="0" tests="7" time="0.046">
 <testsuite name="permission reducer" timestamp="2022-12-15T18:03:25" hostname="localhost" time="0.023" errors="0" tests="0" skipped="0" disabled="0" failures="0">
 </testsuite>
 <testsuite name="permission reducer.when receive START_GET_PERMISSION" timestamp="2022-12-15T18:03:25" hostname="localhost" time="0.02" errors="0" tests="1" skipped="0" disabled="0" failures="0">
  <testcase classname="permission reducer.when receive START_GET_PERMISSION" name="should permissionLoading set true" time="0.02" />
 </testsuite>
 <testsuite name="permission reducer.when receive SUCCEED_GET_PERMISSION" timestamp="2022-12-15T18:03:25" hostname="localhost" time="0.001" errors="0" tests="2" skipped="0" disabled="0" failures="0">
  <testcase classname="permission reducer.when receive SUCCEED_GET_PERMISSION" name="should permissionLoading set false and set permission" time="0.001" />
  <testcase classname="permission reducer.when receive SUCCEED_GET_PERMISSION" name="should update exist permission" time="0" />
 </testsuite>
 <testsuite name="permission reducer.when receive SUCCEED_UPDATE_PERMISSION" timestamp="2022-12-15T18:03:25" hostname="localhost" time="0.001" errors="0" tests="2" skipped="0" disabled="0" failures="0">
  <testcase classname="permission reducer.when receive SUCCEED_UPDATE_PERMISSION" name="should permissionLoading set false and set permission" time="0.001" />
  <testcase classname="permission reducer.when receive SUCCEED_UPDATE_PERMISSION" name="should update exist permission type replace" time="0" />
 </testsuite>
 <testsuite name="permission reducer.when receive FAILED_GET_PERMISSION" timestamp="2022-12-15T18:03:25" hostname="localhost" time="0" errors="0" tests="1" skipped="0" disabled="0" failures="0">
  <testcase classname="permission reducer.when receive FAILED_GET_PERMISSION" name="should permissionLoading set false" time="0" />
 </testsuite>
 <testsuite name="permission reducer.when receive CLEAR_PERMISSION" timestamp="2022-12-15T18:03:25" hostname="localhost" time="0.001" errors="0" tests="1" skipped="0" disabled="0" failures="0">
  <testcase classname="permission reducer.when receive CLEAR_PERMISSION" name="should state set INITIAL_STATE" time="0.001" />
 </testsuite>
</testsuites>