<?xml version="1.0" encoding="UTF-8" ?>
<testsuites disabled="0" errors="0" failures="0" tests="3" time="0.035">
 <testsuite name="subgroupData reducer" timestamp="2022-12-15T18:03:22" hostname="localhost" time="0.016" errors="0" tests="0" skipped="0" disabled="0" failures="0">
 </testsuite>
 <testsuite name="subgroupData reducer.when receive SUCCEEDED_GET_TAGS" timestamp="2022-12-15T18:03:22" hostname="localhost" time="0.004" errors="0" tests="0" skipped="0" disabled="0" failures="0">
 </testsuite>
 <testsuite name="subgroupData reducer.when receive SUCCEEDED_GET_TAGS.first fetched data" timestamp="2022-12-15T18:03:22" hostname="localhost" time="0.002" errors="0" tests="1" skipped="0" disabled="0" failures="0">
  <testcase classname="subgroupData reducer.when receive SUCCEEDED_GET_TAGS.first fetched data" name="should set tags" time="0.002" />
 </testsuite>
 <testsuite name="subgroupData reducer.when receive SUCCEEDED_GET_TAGS.already fetched data" timestamp="2022-12-15T18:03:22" hostname="localhost" time="0.001" errors="0" tests="1" skipped="0" disabled="0" failures="0">
  <testcase classname="subgroupData reducer.when receive SUCCEEDED_GET_TAGS.already fetched data" name="should set tags" time="0.001" />
 </testsuite>
 <testsuite name="subgroupData reducer.when receive SUCCEEDED_CREATE_TAG" timestamp="2022-12-15T18:03:22" hostname="localhost" time="0.012" errors="0" tests="1" skipped="0" disabled="0" failures="0">
  <testcase classname="subgroupData reducer.when receive SUCCEEDED_CREATE_TAG" name="should append new tag" time="0.012" />
 </testsuite>
</testsuites>