<?xml version="1.0" encoding="UTF-8" ?>
<testsuites disabled="0" errors="0" failures="0" tests="3" time="0.006">
 <testsuite name="Position normalizer" timestamp="2022-12-15T18:03:23" hostname="localhost" time="0.003" errors="0" tests="0" skipped="0" disabled="0" failures="0">
 </testsuite>
 <testsuite name="Position normalizer.positionNormalizer()" timestamp="2022-12-15T18:03:23" hostname="localhost" time="0.002" errors="0" tests="1" skipped="0" disabled="0" failures="0">
  <testcase classname="Position normalizer.positionNormalizer()" name="should able normalize" time="0.002" />
 </testsuite>
 <testsuite name="Position normalizer.positionSingleItemNormalizer()" timestamp="2022-12-15T18:03:23" hostname="localhost" time="0" errors="0" tests="1" skipped="0" disabled="0" failures="0">
  <testcase classname="Position normalizer.positionSingleItemNormalizer()" name="should able normalize" time="0" />
 </testsuite>
 <testsuite name="Position normalizer.positionListNormalizer()" timestamp="2022-12-15T18:03:23" hostname="localhost" time="0.001" errors="0" tests="1" skipped="0" disabled="0" failures="0">
  <testcase classname="Position normalizer.positionListNormalizer()" name="should able normalize" time="0.001" />
 </testsuite>
</testsuites>