<?xml version="1.0" encoding="UTF-8" ?>
<testsuites disabled="0" errors="0" failures="0" tests="4" time="0.004">
 <testsuite name="Category Normalizer" timestamp="2022-12-15T18:03:25" hostname="localhost" time="0.002" errors="0" tests="0" skipped="0" disabled="0" failures="0">
 </testsuite>
 <testsuite name="Category Normalizer.categoryNormalizer()" timestamp="2022-12-15T18:03:25" hostname="localhost" time="0.001" errors="0" tests="1" skipped="0" disabled="0" failures="0">
  <testcase classname="Category Normalizer.categoryNormalizer()" name="should able normalize" time="0.001" />
 </testsuite>
 <testsuite name="Category Normalizer.categorySimpleListNormalizer()" timestamp="2022-12-15T18:03:25" hostname="localhost" time="0" errors="0" tests="1" skipped="0" disabled="0" failures="0">
  <testcase classname="Category Normalizer.categorySimpleListNormalizer()" name="should able normalize" time="0" />
 </testsuite>
 <testsuite name="Category Normalizer.categorySingleItemNormalizer()" timestamp="2022-12-15T18:03:25" hostname="localhost" time="0.001" errors="0" tests="1" skipped="0" disabled="0" failures="0">
  <testcase classname="Category Normalizer.categorySingleItemNormalizer()" name="should able normalize" time="0.001" />
 </testsuite>
 <testsuite name="Category Normalizer.categoryListNormalizer()" timestamp="2022-12-15T18:03:25" hostname="localhost" time="0" errors="0" tests="1" skipped="0" disabled="0" failures="0">
  <testcase classname="Category Normalizer.categoryListNormalizer()" name="should able normalize" time="0" />
 </testsuite>
</testsuites>