<?xml version="1.0" encoding="UTF-8" ?>
<testsuites disabled="0" errors="0" failures="0" tests="1" time="0.006">
 <testsuite name="forum selector" timestamp="2022-12-15T18:03:14" hostname="localhost" time="0.002" errors="0" tests="0" skipped="0" disabled="0" failures="0">
 </testsuite>
 <testsuite name="forum selector.getForumByIdSelector" timestamp="2022-12-15T18:03:14" hostname="localhost" time="0.002" errors="0" tests="0" skipped="0" disabled="0" failures="0">
 </testsuite>
 <testsuite name="forum selector.getForumByIdSelector.when has same id forum channel" timestamp="2022-12-15T18:03:14" hostname="localhost" time="0.002" errors="0" tests="1" skipped="0" disabled="0" failures="0">
  <testcase classname="forum selector.getForumByIdSelector.when has same id forum channel" name="should return denormalized forum channel" time="0.001" />
 </testsuite>
</testsuites>