<?xml version="1.0" encoding="UTF-8" ?>
<testsuites disabled="0" errors="0" failures="0" tests="2" time="0.27">
 <testsuite name="useCurrentUser" timestamp="2022-12-15T18:03:16" hostname="localhost" time="0.135" errors="0" tests="0" skipped="0" disabled="0" failures="0">
 </testsuite>
 <testsuite name="useCurrentUser.when current user id is empty (not logged in)" timestamp="2022-12-15T18:03:16" hostname="localhost" time="0.113" errors="0" tests="1" skipped="0" disabled="0" failures="0">
  <testcase classname="useCurrentUser.when current user id is empty (not logged in)" name="should return null" time="0.113" />
 </testsuite>
 <testsuite name="useCurrentUser.when current user id is not empty (logged in)" timestamp="2022-12-15T18:03:16" hostname="localhost" time="0.022" errors="0" tests="1" skipped="0" disabled="0" failures="0">
  <testcase classname="useCurrentUser.when current user id is not empty (logged in)" name="should equal user name" time="0.022" />
 </testsuite>
</testsuites>