<?xml version="1.0" encoding="UTF-8" ?>
<testsuites disabled="0" errors="0" failures="0" tests="2" time="0.084">
 <testsuite name="Me API" timestamp="2022-12-15T18:03:24" hostname="localhost" time="0.042" errors="0" tests="0" skipped="0" disabled="0" failures="0">
 </testsuite>
 <testsuite name="Me API.getJoinedGroups()" timestamp="2022-12-15T18:03:24" hostname="localhost" time="0.017" errors="0" tests="1" skipped="0" disabled="0" failures="0">
  <testcase classname="Me API.getJoinedGroups()" name="should return my joined group data" time="0.017" />
 </testsuite>
 <testsuite name="Me API.updateProfile()" timestamp="2022-12-15T18:03:24" hostname="localhost" time="0.025" errors="0" tests="1" skipped="0" disabled="0" failures="0">
  <testcase classname="Me API.updateProfile()" name="should return updated user data" time="0.025" />
 </testsuite>
</testsuites>