<?xml version="1.0" encoding="UTF-8" ?>
<testsuites disabled="0" errors="0" failures="0" tests="7" time="0.974">
 <testsuite name="&lt;ImageHolder /&gt;" timestamp="2022-12-15T18:03:16" hostname="localhost" time="0.455" errors="0" tests="0" skipped="0" disabled="0" failures="0">
 </testsuite>
 <testsuite name="&lt;ImageHolder /&gt;.when fit is crop-top" timestamp="2022-12-15T18:03:16" hostname="localhost" time="0.389" errors="0" tests="1" skipped="0" disabled="0" failures="0">
  <testcase classname="&lt;ImageHolder /&gt;.when fit is crop-top" name="should have src in background-image" time="0.389" />
 </testsuite>
 <testsuite name="&lt;ImageHolder /&gt;.when object-fit is supported" timestamp="2022-12-15T18:03:16" hostname="localhost" time="0.065" errors="0" tests="0" skipped="0" disabled="0" failures="0">
 </testsuite>
 <testsuite name="&lt;ImageHolder /&gt;.when object-fit is supported.when fit is cover" timestamp="2022-12-15T18:03:16" hostname="localhost" time="0.045" errors="0" tests="2" skipped="0" disabled="0" failures="0">
  <testcase classname="&lt;ImageHolder /&gt;.when object-fit is supported.when fit is cover" name="should render with backgroundSize" time="0.034" />
  <testcase classname="&lt;ImageHolder /&gt;.when object-fit is supported.when fit is cover" name="should have src in background-image" time="0.011" />
 </testsuite>
 <testsuite name="&lt;ImageHolder /&gt;.when object-fit is supported.when fit is fill" timestamp="2022-12-15T18:03:16" hostname="localhost" time="0.01" errors="0" tests="2" skipped="0" disabled="0" failures="0">
  <testcase classname="&lt;ImageHolder /&gt;.when object-fit is supported.when fit is fill" name="should render with backgroundSize" time="0.003" />
  <testcase classname="&lt;ImageHolder /&gt;.when object-fit is supported.when fit is fill" name="should have src in background-image" time="0.007" />
 </testsuite>
 <testsuite name="&lt;ImageHolder /&gt;.when object-fit is supported.when fit is undefined" timestamp="2022-12-15T18:03:16" hostname="localhost" time="0.01" errors="0" tests="2" skipped="0" disabled="0" failures="0">
  <testcase classname="&lt;ImageHolder /&gt;.when object-fit is supported.when fit is undefined" name="should render without backgroundSize" time="0.003" />
  <testcase classname="&lt;ImageHolder /&gt;.when object-fit is supported.when fit is undefined" name="should have src in background-image" time="0.007" />
 </testsuite>
</testsuites>