<?xml version="1.0" encoding="UTF-8" ?>
<testsuites disabled="0" errors="0" failures="0" tests="3" time="0.011">
 <testsuite name="Cryptobadge normalizer" timestamp="2022-12-15T18:03:25" hostname="localhost" time="0.006" errors="0" tests="0" skipped="0" disabled="0" failures="0">
 </testsuite>
 <testsuite name="Cryptobadge normalizer.certificationNormalizer()" timestamp="2022-12-15T18:03:25" hostname="localhost" time="0.004" errors="0" tests="1" skipped="0" disabled="0" failures="0">
  <testcase classname="Cryptobadge normalizer.certificationNormalizer()" name="should able normalize" time="0.004" />
 </testsuite>
 <testsuite name="Cryptobadge normalizer.certificationSingleItemNormalizer()" timestamp="2022-12-15T18:03:25" hostname="localhost" time="0.001" errors="0" tests="1" skipped="0" disabled="0" failures="0">
  <testcase classname="Cryptobadge normalizer.certificationSingleItemNormalizer()" name="should able normalize" time="0.001" />
 </testsuite>
 <testsuite name="Cryptobadge normalizer.certificationListNormalizer()" timestamp="2022-12-15T18:03:25" hostname="localhost" time="0" errors="0" tests="1" skipped="0" disabled="0" failures="0">
  <testcase classname="Cryptobadge normalizer.certificationListNormalizer()" name="should able normalize" time="0" />
 </testsuite>
</testsuites>