<?xml version="1.0" encoding="UTF-8" ?>
<testsuites disabled="0" errors="0" failures="0" tests="4" time="0.006">
 <testsuite name="useUndoRedo()" timestamp="2022-12-15T18:03:25" hostname="localhost" time="0.004" errors="0" tests="1" skipped="0" disabled="0" failures="0">
  <testcase classname="useUndoRedo()" name="should set first value" time="0" />
 </testsuite>
 <testsuite name="useUndoRedo().when add new history" timestamp="2022-12-15T18:03:25" hostname="localhost" time="0.001" errors="0" tests="1" skipped="0" disabled="0" failures="0">
  <testcase classname="useUndoRedo().when add new history" name="should add new value" time="0.001" />
 </testsuite>
 <testsuite name="useUndoRedo().when clicked undo" timestamp="2022-12-15T18:03:25" hostname="localhost" time="0" errors="0" tests="1" skipped="0" disabled="0" failures="0">
  <testcase classname="useUndoRedo().when clicked undo" name="should render previous value" time="0" />
 </testsuite>
 <testsuite name="useUndoRedo().when clicked redo" timestamp="2022-12-15T18:03:25" hostname="localhost" time="0.001" errors="0" tests="1" skipped="0" disabled="0" failures="0">
  <testcase classname="useUndoRedo().when clicked redo" name="should render next value" time="0.001" />
 </testsuite>
</testsuites>