<?xml version="1.0" encoding="UTF-8" ?>
<testsuites disabled="0" errors="0" failures="0" tests="1" time="0.003">
 <testsuite name="makeShareUrl" timestamp="2022-12-15T18:03:27" hostname="localhost" time="0.002" errors="0" tests="0" skipped="0" disabled="0" failures="0">
 </testsuite>
 <testsuite name="makeShareUrl.when inject path" timestamp="2022-12-15T18:03:27" hostname="localhost" time="0.001" errors="0" tests="1" skipped="0" disabled="0" failures="0">
  <testcase classname="makeShareUrl.when inject path" name="should return origin concat a path string" time="0.001" />
 </testsuite>
</testsuites>