<?xml version="1.0" encoding="UTF-8" ?>
<testsuites disabled="0" errors="0" failures="0" tests="3" time="0.006">
 <testsuite name="Campaign Denormalizer" timestamp="2022-12-15T18:03:24" hostname="localhost" time="0.004" errors="0" tests="0" skipped="0" disabled="0" failures="0">
 </testsuite>
 <testsuite name="Campaign Denormalizer.campaignDenormalizer" timestamp="2022-12-15T18:03:24" hostname="localhost" time="0.001" errors="0" tests="1" skipped="0" disabled="0" failures="0">
  <testcase classname="Campaign Denormalizer.campaignDenormalizer" name="should get campaign with third data" time="0.001" />
 </testsuite>
 <testsuite name="Campaign Denormalizer.campaignExecutionDenormalizer" timestamp="2022-12-15T18:03:24" hostname="localhost" time="0.001" errors="0" tests="1" skipped="0" disabled="0" failures="0">
  <testcase classname="Campaign Denormalizer.campaignExecutionDenormalizer" name="should get campaignExecution with third data" time="0.001" />
 </testsuite>
 <testsuite name="Campaign Denormalizer.executionVoteDenormalizer" timestamp="2022-12-15T18:03:24" hostname="localhost" time="0" errors="0" tests="1" skipped="0" disabled="0" failures="0">
  <testcase classname="Campaign Denormalizer.executionVoteDenormalizer" name="should get campaignExecution with third data" time="0" />
 </testsuite>
</testsuites>