<?xml version="1.0" encoding="UTF-8" ?>
<testsuites disabled="0" errors="0" failures="0" tests="2" time="0.004">
 <testsuite name="Image brochure reducer" timestamp="2022-12-15T18:03:26" hostname="localhost" time="0.002" errors="0" tests="0" skipped="0" disabled="0" failures="0">
 </testsuite>
 <testsuite name="Image brochure reducer.when receive OPEN_IMAGE_BROCHURE_DIALOG" timestamp="2022-12-15T18:03:26" hostname="localhost" time="0.001" errors="0" tests="1" skipped="0" disabled="0" failures="0">
  <testcase classname="Image brochure reducer.when receive OPEN_IMAGE_BROCHURE_DIALOG" name="should change isImageBrochureOpen to true" time="0.001" />
 </testsuite>
 <testsuite name="Image brochure reducer.when receive CLOSE_IMAGE_BROCHURE_DIALOG" timestamp="2022-12-15T18:03:26" hostname="localhost" time="0.001" errors="0" tests="1" skipped="0" disabled="0" failures="0">
  <testcase classname="Image brochure reducer.when receive CLOSE_IMAGE_BROCHURE_DIALOG" name="should change isImageBrochureOpen to true" time="0.001" />
 </testsuite>
</testsuites>