<?xml version="1.0" encoding="UTF-8" ?>
<testsuites disabled="0" errors="0" failures="0" tests="2" time="0.003">
 <testsuite name="findIndexByLocation()" timestamp="2022-12-15T18:03:26" hostname="localhost" time="0.002" errors="0" tests="0" skipped="0" disabled="0" failures="0">
 </testsuite>
 <testsuite name="findIndexByLocation().when include same location key in locations" timestamp="2022-12-15T18:03:26" hostname="localhost" time="0.001" errors="0" tests="1" skipped="0" disabled="0" failures="0">
  <testcase classname="findIndexByLocation().when include same location key in locations" name="should return location" time="0.001" />
 </testsuite>
 <testsuite name="findIndexByLocation().when not include same location key in locations" timestamp="2022-12-15T18:03:26" hostname="localhost" time="0" errors="0" tests="1" skipped="0" disabled="0" failures="0">
  <testcase classname="findIndexByLocation().when not include same location key in locations" name="should return -1" time="0" />
 </testsuite>
</testsuites>