<?xml version="1.0" encoding="UTF-8" ?>
<testsuites disabled="0" errors="0" failures="0" tests="3" time="0.05">
 <testsuite name="getLastPromiseValue()" timestamp="2022-12-15T18:03:27" hostname="localhost" time="0.025" errors="0" tests="0" skipped="0" disabled="0" failures="0">
 </testsuite>
 <testsuite name="getLastPromiseValue().when inject return promise function list" timestamp="2022-12-15T18:03:27" hostname="localhost" time="0.002" errors="0" tests="1" skipped="0" disabled="0" failures="0">
  <testcase classname="getLastPromiseValue().when inject return promise function list" name="should return last promise value" time="0.002" />
 </testsuite>
 <testsuite name="getLastPromiseValue().when inject empty list" timestamp="2022-12-15T18:03:27" hostname="localhost" time="0" errors="0" tests="1" skipped="0" disabled="0" failures="0">
  <testcase classname="getLastPromiseValue().when inject empty list" name="should return undefined" time="0" />
 </testsuite>
 <testsuite name="getLastPromiseValue().when inject promise is reject" timestamp="2022-12-15T18:03:27" hostname="localhost" time="0.023" errors="0" tests="1" skipped="0" disabled="0" failures="0">
  <testcase classname="getLastPromiseValue().when inject promise is reject" name="should throw exception" time="0.023" />
 </testsuite>
</testsuites>