<?xml version="1.0" encoding="UTF-8" ?>
<testsuites disabled="0" errors="0" failures="0" tests="3" time="0.001">
 <testsuite name="&lt;HlsVideo /&gt;" timestamp="2022-12-15T18:03:28" hostname="localhost" time="0.001" errors="0" tests="0" skipped="0" disabled="0" failures="0">
 </testsuite>
 <testsuite name="&lt;HlsVideo /&gt;.when there is no width and height" timestamp="2022-12-15T18:03:28" hostname="localhost" time="0" errors="0" tests="2" skipped="2" disabled="0" failures="0">
  <testcase classname="&lt;HlsVideo /&gt;.when there is no width and height" name="should render with two source" time="0">
   <skipped />
  </testcase>
  <testcase classname="&lt;HlsVideo /&gt;.when there is no width and height" name="should give a priority to hls" time="0">
   <skipped />
  </testcase>
 </testsuite>
 <testsuite name="&lt;HlsVideo /&gt;.when there are width and height" timestamp="2022-12-15T18:03:28" hostname="localhost" time="0" errors="0" tests="1" skipped="1" disabled="0" failures="0">
  <testcase classname="&lt;HlsVideo /&gt;.when there are width and height" name="should use a aspect ratio based on height and width" time="0">
   <skipped />
  </testcase>
 </testsuite>
</testsuites>