<?xml version="1.0" encoding="UTF-8" ?>
<testsuites disabled="0" errors="0" failures="0" tests="1" time="0.005">
 <testsuite name="Stat Entity Reducer" timestamp="2022-12-15T18:03:22" hostname="localhost" time="0.003" errors="0" tests="0" skipped="0" disabled="0" failures="0">
 </testsuite>
 <testsuite name="Stat Entity Reducer.when dispatch ADD_ENTITY Action" timestamp="2022-12-15T18:03:22" hostname="localhost" time="0.002" errors="0" tests="1" skipped="0" disabled="0" failures="0">
  <testcase classname="Stat Entity Reducer.when dispatch ADD_ENTITY Action" name="should added thread entity" time="0.002" />
 </testsuite>
</testsuites>