<?xml version="1.0" encoding="UTF-8" ?>
<testsuites disabled="0" errors="0" failures="0" tests="2" time="0.178">
 <testsuite name="Permission Action" timestamp="2022-12-15T18:03:13" hostname="localhost" time="0.064" errors="0" tests="0" skipped="0" disabled="0" failures="0">
 </testsuite>
 <testsuite name="Permission Action.getPermission()" timestamp="2022-12-15T18:03:13" hostname="localhost" time="0.058" errors="0" tests="0" skipped="0" disabled="0" failures="0">
 </testsuite>
 <testsuite name="Permission Action.getPermission().when succeed" timestamp="2022-12-15T18:03:13" hostname="localhost" time="0.033" errors="0" tests="1" skipped="0" disabled="0" failures="0">
  <testcase classname="Permission Action.getPermission().when succeed" name="should dispatch START_GET_PERMISSION, ADD_ENTITY, SUCCEED_GET_PERMISSION action" time="0.032" />
 </testsuite>
 <testsuite name="Permission Action.getPermission().when failed" timestamp="2022-12-15T18:03:13" hostname="localhost" time="0.023" errors="0" tests="1" skipped="0" disabled="0" failures="0">
  <testcase classname="Permission Action.getPermission().when failed" name="should dispatch START_GET_POSITIONS, FAILED_GET_POSITIONS" time="0.021" />
 </testsuite>
</testsuites>