<?xml version="1.0" encoding="UTF-8" ?>
<testsuites disabled="0" errors="0" failures="0" tests="4" time="0.096">
 <testsuite name="mergeWithArrayConcatUniq" timestamp="2022-12-15T18:03:26" hostname="localhost" time="0.048" errors="0" tests="0" skipped="0" disabled="0" failures="0">
 </testsuite>
 <testsuite name="mergeWithArrayConcatUniq.merge two object" timestamp="2022-12-15T18:03:26" hostname="localhost" time="0.002" errors="0" tests="2" skipped="0" disabled="0" failures="0">
  <testcase classname="mergeWithArrayConcatUniq.merge two object" name="should be merge options" time="0.001" />
  <testcase classname="mergeWithArrayConcatUniq.merge two object" name="should be merge deep options" time="0" />
 </testsuite>
 <testsuite name="mergeWithArrayConcatUniq.merge two object with array" timestamp="2022-12-15T18:03:26" hostname="localhost" time="0.046" errors="0" tests="2" skipped="0" disabled="0" failures="0">
  <testcase classname="mergeWithArrayConcatUniq.merge two object with array" name="should be merge array concat" time="0.007" />
  <testcase classname="mergeWithArrayConcatUniq.merge two object with array" name="should be merge &amp; uniq array concat" time="0.039" />
 </testsuite>
</testsuites>