<?xml version="1.0" encoding="UTF-8" ?>
<testsuites disabled="0" errors="0" failures="0" tests="1" time="0.067">
 <testsuite name="Permission API" timestamp="2022-12-20T11:18:48" hostname="localhost" time="0.034" errors="0" tests="0" skipped="0" disabled="0" failures="0">
 </testsuite>
 <testsuite name="Permission API.getPermission()" timestamp="2022-12-20T11:18:48" hostname="localhost" time="0.033" errors="0" tests="1" skipped="0" disabled="0" failures="0">
  <testcase classname="Permission API.getPermission()" name="should get permission list data" time="0.033" />
 </testsuite>
</testsuites>