<?xml version="1.0" encoding="UTF-8" ?>
<testsuites disabled="0" errors="0" failures="0" tests="10" time="0.248">
 <testsuite name="Group Action" timestamp="2022-12-15T18:03:20" hostname="localhost" time="0.084" errors="0" tests="0" skipped="0" disabled="0" failures="0">
 </testsuite>
 <testsuite name="Group Action.renameMoim()" timestamp="2022-12-15T18:03:20" hostname="localhost" time="0.019" errors="0" tests="0" skipped="0" disabled="0" failures="0">
 </testsuite>
 <testsuite name="Group Action.renameMoim().when succeed" timestamp="2022-12-15T18:03:20" hostname="localhost" time="0.014" errors="0" tests="1" skipped="0" disabled="0" failures="0">
  <testcase classname="Group Action.renameMoim().when succeed" name="should dispatch START_RENAME_MOIM, ADD_ENTITY, SUCCEED_RENAME_MOIM action" time="0.014" />
 </testsuite>
 <testsuite name="Group Action.renameMoim().when failed" timestamp="2022-12-15T18:03:20" hostname="localhost" time="0.004" errors="0" tests="1" skipped="0" disabled="0" failures="0">
  <testcase classname="Group Action.renameMoim().when failed" name="should dispatch START_RENAME_MOIM, FAILED_RENAME_MOIM action" time="0.004" />
 </testsuite>
 <testsuite name="Group Action.setMoimDescription()" timestamp="2022-12-15T18:03:20" hostname="localhost" time="0.02" errors="0" tests="0" skipped="0" disabled="0" failures="0">
 </testsuite>
 <testsuite name="Group Action.setMoimDescription().when succeed" timestamp="2022-12-15T18:03:20" hostname="localhost" time="0.013" errors="0" tests="1" skipped="0" disabled="0" failures="0">
  <testcase classname="Group Action.setMoimDescription().when succeed" name="should dispatch START_SET_DESCRIPTION_MOIM, ADD_ENTITY, SUCCEED_SET_DESCRIPTION_MOIM action" time="0.013" />
 </testsuite>
 <testsuite name="Group Action.setMoimDescription().when failed" timestamp="2022-12-15T18:03:20" hostname="localhost" time="0.007" errors="0" tests="1" skipped="0" disabled="0" failures="0">
  <testcase classname="Group Action.setMoimDescription().when failed" name="should dispatch START_SET_DESCRIPTION_MOIM, FAILED_SET_DESCRIPTION_MOIM action" time="0.007" />
 </testsuite>
 <testsuite name="Group Action.updateMoimIcon()" timestamp="2022-12-15T18:03:20" hostname="localhost" time="0.029" errors="0" tests="0" skipped="0" disabled="0" failures="0">
 </testsuite>
 <testsuite name="Group Action.updateMoimIcon().when succeed" timestamp="2022-12-15T18:03:20" hostname="localhost" time="0.014" errors="0" tests="1" skipped="0" disabled="0" failures="0">
  <testcase classname="Group Action.updateMoimIcon().when succeed" name="should dispatch START_UPDATE_GROUP_ICON, ADD_ENTITY, SUCCEED_UPDATE_GROUP_ICON Action" time="0.014" />
 </testsuite>
 <testsuite name="Group Action.updateMoimIcon().when failed" timestamp="2022-12-15T18:03:20" hostname="localhost" time="0.014" errors="0" tests="1" skipped="0" disabled="0" failures="0">
  <testcase classname="Group Action.updateMoimIcon().when failed" name="should dispatch START_UPDATE_GROUP_ICON, FAILED_UPDATE_GROUP_ICON action" time="0.014" />
 </testsuite>
 <testsuite name="Group Action.getMoimTheme()" timestamp="2022-12-15T18:03:20" hostname="localhost" time="0.008" errors="0" tests="0" skipped="0" disabled="0" failures="0">
 </testsuite>
 <testsuite name="Group Action.getMoimTheme().when succeed" timestamp="2022-12-15T18:03:20" hostname="localhost" time="0.003" errors="0" tests="1" skipped="0" disabled="0" failures="0">
  <testcase classname="Group Action.getMoimTheme().when succeed" name="should dispatch START_GET_MOIM_THEME, SUCCEED_GET_MOIM_THEME" time="0.003" />
 </testsuite>
 <testsuite name="Group Action.getMoimTheme().when failed" timestamp="2022-12-15T18:03:20" hostname="localhost" time="0.005" errors="0" tests="1" skipped="0" disabled="0" failures="0">
  <testcase classname="Group Action.getMoimTheme().when failed" name="should dispatch START_GET_MOIM_THEME, FAILED_GET_MOIM_THEME action" time="0.005" />
 </testsuite>
 <testsuite name="Group Action.getMoimCover()" timestamp="2022-12-15T18:03:20" hostname="localhost" time="0.007" errors="0" tests="0" skipped="0" disabled="0" failures="0">
 </testsuite>
 <testsuite name="Group Action.getMoimCover().when succeed" timestamp="2022-12-15T18:03:20" hostname="localhost" time="0.005" errors="0" tests="1" skipped="0" disabled="0" failures="0">
  <testcase classname="Group Action.getMoimCover().when succeed" name="should dispatch START_GET_MOIM_COVER, SUCCEED_GET_MOIM_COVER" time="0.005" />
 </testsuite>
 <testsuite name="Group Action.getMoimCover().when failed" timestamp="2022-12-15T18:03:20" hostname="localhost" time="0.002" errors="0" tests="1" skipped="0" disabled="0" failures="0">
  <testcase classname="Group Action.getMoimCover().when failed" name="should dispatch START_GET_MOIM_COVER, FAILED_GET_MOIM_COVER action" time="0.002" />
 </testsuite>
</testsuites>