<?xml version="1.0" encoding="UTF-8" ?>
<testsuites disabled="0" errors="0" failures="0" tests="3" time="0.003">
 <testsuite name="ErrorRequestManger" timestamp="2022-12-15T18:03:27" hostname="localhost" time="0.001" errors="0" tests="0" skipped="0" disabled="0" failures="0">
 </testsuite>
 <testsuite name="ErrorRequestManger.when add error request" timestamp="2022-12-15T18:03:27" hostname="localhost" time="0.001" errors="0" tests="0" skipped="0" disabled="0" failures="0">
 </testsuite>
 <testsuite name="ErrorRequestManger.when add error request.when request is first added" timestamp="2022-12-15T18:03:27" hostname="localhost" time="0.001" errors="0" tests="1" skipped="0" disabled="0" failures="0">
  <testcase classname="ErrorRequestManger.when add error request.when request is first added" name="should count is 1" time="0.001" />
 </testsuite>
 <testsuite name="ErrorRequestManger.when add error request.when already request once" timestamp="2022-12-15T18:03:27" hostname="localhost" time="0" errors="0" tests="1" skipped="0" disabled="0" failures="0">
  <testcase classname="ErrorRequestManger.when add error request.when already request once" name="should count is 2" time="0" />
 </testsuite>
 <testsuite name="ErrorRequestManger.when remove error request" timestamp="2022-12-15T18:03:27" hostname="localhost" time="0" errors="0" tests="1" skipped="0" disabled="0" failures="0">
  <testcase classname="ErrorRequestManger.when remove error request" name="should count is zero" time="0" />
 </testsuite>
</testsuites>