<?xml version="1.0" encoding="UTF-8" ?>
<testsuites disabled="0" errors="0" failures="0" tests="10" time="0.377">
 <testsuite name="Conversation actions" timestamp="2022-12-15T18:03:18" hostname="localhost" time="0.128" errors="0" tests="0" skipped="0" disabled="0" failures="0">
 </testsuite>
 <testsuite name="Conversation actions.getConversation()" timestamp="2022-12-15T18:03:18" hostname="localhost" time="0.067" errors="0" tests="0" skipped="0" disabled="0" failures="0">
 </testsuite>
 <testsuite name="Conversation actions.getConversation().when succeed" timestamp="2022-12-15T18:03:18" hostname="localhost" time="0.029" errors="0" tests="1" skipped="0" disabled="0" failures="0">
  <testcase classname="Conversation actions.getConversation().when succeed" name="should dispatch action (START_GET_CONVERSATION, ADD_ENTITY, SUCCEED_GET_CONVERSATION)" time="0.029" />
 </testsuite>
 <testsuite name="Conversation actions.getConversation().when failed" timestamp="2022-12-15T18:03:18" hostname="localhost" time="0.038" errors="0" tests="1" skipped="0" disabled="0" failures="0">
  <testcase classname="Conversation actions.getConversation().when failed" name="should dispatch action (START_GET_CONVERSATION, FAILED_GET_CONVERSATION)" time="0.036" />
 </testsuite>
 <testsuite name="Conversation actions.getConversationMembers()" timestamp="2022-12-15T18:03:18" hostname="localhost" time="0.023" errors="0" tests="0" skipped="0" disabled="0" failures="0">
 </testsuite>
 <testsuite name="Conversation actions.getConversationMembers().when succeed" timestamp="2022-12-15T18:03:18" hostname="localhost" time="0.016" errors="0" tests="1" skipped="0" disabled="0" failures="0">
  <testcase classname="Conversation actions.getConversationMembers().when succeed" name="should dispatch action (START_GET_CONVERSATION_MEMBERS, ADD_ENTITY, SUCCEED_GET_CONVERSATION_MEMBERS)" time="0.016" />
 </testsuite>
 <testsuite name="Conversation actions.getConversationMembers().when failed" timestamp="2022-12-15T18:03:18" hostname="localhost" time="0.006" errors="0" tests="1" skipped="0" disabled="0" failures="0">
  <testcase classname="Conversation actions.getConversationMembers().when failed" name="should dispatch action (START_GET_CONVERSATION_MEMBERS, FAILED_GET_CONVERSATION_MEMBERS)" time="0.005" />
 </testsuite>
 <testsuite name="Conversation actions.joinConversation()" timestamp="2022-12-15T18:03:18" hostname="localhost" time="0.012" errors="0" tests="0" skipped="0" disabled="0" failures="0">
 </testsuite>
 <testsuite name="Conversation actions.joinConversation().when succeed" timestamp="2022-12-15T18:03:18" hostname="localhost" time="0.006" errors="0" tests="1" skipped="0" disabled="0" failures="0">
  <testcase classname="Conversation actions.joinConversation().when succeed" name="should dispatch action (START_JOIN_CONVERSATION, ADD_ENTITY, SUCCEED_JOIN_CONVERSATION)" time="0.006" />
 </testsuite>
 <testsuite name="Conversation actions.joinConversation().when failed" timestamp="2022-12-15T18:03:18" hostname="localhost" time="0.006" errors="0" tests="1" skipped="0" disabled="0" failures="0">
  <testcase classname="Conversation actions.joinConversation().when failed" name="should dispatch action (START_JOIN_CONVERSATION, FAILED_JOIN_CONVERSATION)" time="0.006" />
 </testsuite>
 <testsuite name="Conversation actions.getConversationMessages()" timestamp="2022-12-15T18:03:18" hostname="localhost" time="0.013" errors="0" tests="0" skipped="0" disabled="0" failures="0">
 </testsuite>
 <testsuite name="Conversation actions.getConversationMessages().when succeed" timestamp="2022-12-15T18:03:18" hostname="localhost" time="0.006" errors="0" tests="1" skipped="0" disabled="0" failures="0">
  <testcase classname="Conversation actions.getConversationMessages().when succeed" name="should dispatch action (START_GET_CONVERSATION_MESSAGE, ADD_ENTITY, SUCCEED_GET_CONVERSATION_MESSAGE)" time="0.006" />
 </testsuite>
 <testsuite name="Conversation actions.getConversationMessages().when failed" timestamp="2022-12-15T18:03:18" hostname="localhost" time="0.007" errors="0" tests="1" skipped="0" disabled="0" failures="0">
  <testcase classname="Conversation actions.getConversationMessages().when failed" name="should dispatch action (START_GET_CONVERSATION_MESSAGE, FAILED_GET_CONVERSATION_MESSAGE)" time="0.007" />
 </testsuite>
 <testsuite name="Conversation actions.createConversationMessage()" timestamp="2022-12-15T18:03:18" hostname="localhost" time="0.01" errors="0" tests="0" skipped="0" disabled="0" failures="0">
 </testsuite>
 <testsuite name="Conversation actions.createConversationMessage().when succeed" timestamp="2022-12-15T18:03:18" hostname="localhost" time="0.005" errors="0" tests="1" skipped="0" disabled="0" failures="0">
  <testcase classname="Conversation actions.createConversationMessage().when succeed" name="should dispatch action (START_CREATE_CONVERSATION_MESSAGE, ADD_ENTITY, SUCCEED_CREATE_CONVERSATION_MESSAGE)" time="0.004" />
 </testsuite>
 <testsuite name="Conversation actions.createConversationMessage().when failed" timestamp="2022-12-15T18:03:18" hostname="localhost" time="0.005" errors="0" tests="1" skipped="0" disabled="0" failures="0">
  <testcase classname="Conversation actions.createConversationMessage().when failed" name="should dispatch action (START_CREATE_CONVERSATION_MESSAGE, FAILED_CREATE_CONVERSATION_MESSAGE)" time="0.005" />
 </testsuite>
</testsuites>