<?xml version="1.0" encoding="UTF-8" ?>
<testsuites disabled="0" errors="0" failures="0" tests="8" time="0.01">
 <testsuite name="Profile Editor&apos;s page reducer" timestamp="2022-12-15T18:03:21" hostname="localhost" time="0.005" errors="0" tests="0" skipped="0" disabled="0" failures="0">
 </testsuite>
 <testsuite name="Profile Editor&apos;s page reducer.when receive OPEN_EDIT_MY_PROFILE" timestamp="2022-12-15T18:03:21" hostname="localhost" time="0.002" errors="0" tests="1" skipped="0" disabled="0" failures="0">
  <testcase classname="Profile Editor&apos;s page reducer.when receive OPEN_EDIT_MY_PROFILE" name="should open state to true" time="0.002" />
 </testsuite>
 <testsuite name="Profile Editor&apos;s page reducer.when receive CLOSE_EDIT_MY_PROFILE" timestamp="2022-12-15T18:03:21" hostname="localhost" time="0" errors="0" tests="1" skipped="0" disabled="0" failures="0">
  <testcase classname="Profile Editor&apos;s page reducer.when receive CLOSE_EDIT_MY_PROFILE" name="should open state to false" time="0" />
 </testsuite>
 <testsuite name="Profile Editor&apos;s page reducer.when receive START_CHANGE_MY_PROFILE" timestamp="2022-12-15T18:03:21" hostname="localhost" time="0.001" errors="0" tests="1" skipped="0" disabled="0" failures="0">
  <testcase classname="Profile Editor&apos;s page reducer.when receive START_CHANGE_MY_PROFILE" name="should isLoading, isFailed state to true, false" time="0" />
 </testsuite>
 <testsuite name="Profile Editor&apos;s page reducer.when receive SUCCEEDED_CHANGE_MY_PROFILE" timestamp="2022-12-15T18:03:21" hostname="localhost" time="0.001" errors="0" tests="1" skipped="0" disabled="0" failures="0">
  <testcase classname="Profile Editor&apos;s page reducer.when receive SUCCEEDED_CHANGE_MY_PROFILE" name="should isLoading, isFailed state to false, false" time="0.001" />
 </testsuite>
 <testsuite name="Profile Editor&apos;s page reducer.when receive FAILED_CHANGE_MY_PROFILE" timestamp="2022-12-15T18:03:21" hostname="localhost" time="0" errors="0" tests="1" skipped="0" disabled="0" failures="0">
  <testcase classname="Profile Editor&apos;s page reducer.when receive FAILED_CHANGE_MY_PROFILE" name="should isLoading, isFailed state to false, true" time="0" />
 </testsuite>
 <testsuite name="Profile Editor&apos;s page reducer.when receive START_UPDATE_AVATAR" timestamp="2022-12-15T18:03:21" hostname="localhost" time="0.001" errors="0" tests="1" skipped="0" disabled="0" failures="0">
  <testcase classname="Profile Editor&apos;s page reducer.when receive START_UPDATE_AVATAR" name="should isLoading, isFailed state to true, false" time="0.001" />
 </testsuite>
 <testsuite name="Profile Editor&apos;s page reducer.when receive SUCCEEDED_UPDATE_AVATAR" timestamp="2022-12-15T18:03:21" hostname="localhost" time="0" errors="0" tests="1" skipped="0" disabled="0" failures="0">
  <testcase classname="Profile Editor&apos;s page reducer.when receive SUCCEEDED_UPDATE_AVATAR" name="should isLoading, isFailed state to false, false" time="0" />
 </testsuite>
 <testsuite name="Profile Editor&apos;s page reducer.when receive FAILED_UPDATE_AVATAR" timestamp="2022-12-15T18:03:21" hostname="localhost" time="0" errors="0" tests="1" skipped="0" disabled="0" failures="0">
  <testcase classname="Profile Editor&apos;s page reducer.when receive FAILED_UPDATE_AVATAR" name="should isLoading, isFailed state to false, true" time="0" />
 </testsuite>
</testsuites>