<?xml version="1.0" encoding="UTF-8" ?>
<testsuites disabled="0" errors="0" failures="0" tests="1" time="0">
 <testsuite name="&lt;BrochureAnimatedImageThumbnail /&gt;" timestamp="2022-12-15T18:03:28" hostname="localhost" time="0" errors="0" tests="1" skipped="1" disabled="0" failures="0">
  <testcase classname="&lt;BrochureAnimatedImageThumbnail /&gt;" name="should contain data-role" time="0">
   <skipped />
  </testcase>
 </testsuite>
</testsuites>