<?xml version="1.0" encoding="UTF-8" ?>
<testsuites disabled="0" errors="0" failures="0" tests="6" time="0.112">
 <testsuite name="DirectMessage action" timestamp="2022-12-15T18:03:21" hostname="localhost" time="0.038" errors="0" tests="0" skipped="0" disabled="0" failures="0">
 </testsuite>
 <testsuite name="DirectMessage action.getDirectMessages()" timestamp="2022-12-15T18:03:21" hostname="localhost" time="0.012" errors="0" tests="0" skipped="0" disabled="0" failures="0">
 </testsuite>
 <testsuite name="DirectMessage action.getDirectMessages().when action work properly" timestamp="2022-12-15T18:03:21" hostname="localhost" time="0.007" errors="0" tests="1" skipped="0" disabled="0" failures="0">
  <testcase classname="DirectMessage action.getDirectMessages().when action work properly" name="should return START, ADD_ENTITY, SUCCEEDED" time="0.007" />
 </testsuite>
 <testsuite name="DirectMessage action.getDirectMessages().when action has error" timestamp="2022-12-15T18:03:21" hostname="localhost" time="0.003" errors="0" tests="1" skipped="0" disabled="0" failures="0">
  <testcase classname="DirectMessage action.getDirectMessages().when action has error" name="should return START, FAILED" time="0.003" />
 </testsuite>
 <testsuite name="DirectMessage action.getDirectMessage()" timestamp="2022-12-15T18:03:21" hostname="localhost" time="0.018" errors="0" tests="0" skipped="0" disabled="0" failures="0">
 </testsuite>
 <testsuite name="DirectMessage action.getDirectMessage().when action work properly" timestamp="2022-12-15T18:03:21" hostname="localhost" time="0.004" errors="0" tests="1" skipped="0" disabled="0" failures="0">
  <testcase classname="DirectMessage action.getDirectMessage().when action work properly" name="should return START, ADD_ENTITY, SUCCEEDED" time="0.004" />
 </testsuite>
 <testsuite name="DirectMessage action.getDirectMessage().when action has error" timestamp="2022-12-15T18:03:21" hostname="localhost" time="0.014" errors="0" tests="1" skipped="0" disabled="0" failures="0">
  <testcase classname="DirectMessage action.getDirectMessage().when action has error" name="should return START, FAILED" time="0.014" />
 </testsuite>
 <testsuite name="DirectMessage action.createDirectMessage()" timestamp="2022-12-15T18:03:21" hostname="localhost" time="0.008" errors="0" tests="0" skipped="0" disabled="0" failures="0">
 </testsuite>
 <testsuite name="DirectMessage action.createDirectMessage().when action work properly" timestamp="2022-12-15T18:03:21" hostname="localhost" time="0.005" errors="0" tests="1" skipped="0" disabled="0" failures="0">
  <testcase classname="DirectMessage action.createDirectMessage().when action work properly" name="should return START, ADD_ENTITY, SUCCEEDED" time="0.005" />
 </testsuite>
 <testsuite name="DirectMessage action.createDirectMessage().when action has error" timestamp="2022-12-15T18:03:21" hostname="localhost" time="0.003" errors="0" tests="1" skipped="0" disabled="0" failures="0">
  <testcase classname="DirectMessage action.createDirectMessage().when action has error" name="should return START, FAILED" time="0.003" />
 </testsuite>
</testsuites>