<?xml version="1.0" encoding="UTF-8" ?>
<testsuites disabled="0" errors="0" failures="0" tests="2" time="0.672">
 <testsuite name="useCurrentGroup" timestamp="2022-12-15T18:03:18" hostname="localhost" time="0.336" errors="0" tests="0" skipped="0" disabled="0" failures="0">
 </testsuite>
 <testsuite name="useCurrentGroup.when current user id is empty (not logged in)" timestamp="2022-12-15T18:03:18" hostname="localhost" time="0.321" errors="0" tests="1" skipped="0" disabled="0" failures="0">
  <testcase classname="useCurrentGroup.when current user id is empty (not logged in)" name="should return null" time="0.32" />
 </testsuite>
 <testsuite name="useCurrentGroup.when current user id is not empty (logged in)" timestamp="2022-12-15T18:03:18" hostname="localhost" time="0.015" errors="0" tests="1" skipped="0" disabled="0" failures="0">
  <testcase classname="useCurrentGroup.when current user id is not empty (logged in)" name="should return group entity" time="0.014" />
 </testsuite>
</testsuites>