<?xml version="1.0" encoding="UTF-8" ?>
<testsuites disabled="0" errors="0" failures="0" tests="2" time="0.007">
 <testsuite name="PostMessageReceiver helper" timestamp="2022-12-15T18:03:27" hostname="localhost" time="0.003" errors="0" tests="0" skipped="0" disabled="0" failures="0">
 </testsuite>
 <testsuite name="PostMessageReceiver helper.postMessageParser()" timestamp="2022-12-15T18:03:27" hostname="localhost" time="0.002" errors="0" tests="0" skipped="0" disabled="0" failures="0">
 </testsuite>
 <testsuite name="PostMessageReceiver helper.postMessageParser().when receive message from invalid origin" timestamp="2022-12-15T18:03:27" hostname="localhost" time="0.002" errors="0" tests="1" skipped="0" disabled="0" failures="0">
  <testcase classname="PostMessageReceiver helper.postMessageParser().when receive message from invalid origin" name="should return empty json object" time="0.002" />
 </testsuite>
 <testsuite name="PostMessageReceiver helper.postMessageParser().when receive message from valid origin" timestamp="2022-12-15T18:03:27" hostname="localhost" time="0" errors="0" tests="1" skipped="0" disabled="0" failures="0">
  <testcase classname="PostMessageReceiver helper.postMessageParser().when receive message from valid origin" name="should return json object" time="0" />
 </testsuite>
</testsuites>