<?xml version="1.0" encoding="UTF-8" ?>
<testsuites disabled="0" errors="0" failures="0" tests="2" time="0.005">
 <testsuite name="usePrevious" timestamp="2022-12-15T18:03:25" hostname="localhost" time="0.003" errors="0" tests="0" skipped="0" disabled="0" failures="0">
 </testsuite>
 <testsuite name="usePrevious.when initialize hook" timestamp="2022-12-15T18:03:25" hostname="localhost" time="0.001" errors="0" tests="1" skipped="0" disabled="0" failures="0">
  <testcase classname="usePrevious.when initialize hook" name="should return undefined" time="0.001" />
 </testsuite>
 <testsuite name="usePrevious.when called" timestamp="2022-12-15T18:03:25" hostname="localhost" time="0.001" errors="0" tests="1" skipped="0" disabled="0" failures="0">
  <testcase classname="usePrevious.when called" name="should isOpen is truthy" time="0.001" />
 </testsuite>
</testsuites>