<?xml version="1.0" encoding="UTF-8" ?>
<testsuites disabled="0" errors="0" failures="0" tests="1" time="0.182">
 <testsuite name="useRedirect hook " timestamp="2022-12-15T18:03:20" hostname="localhost" time="0.091" errors="0" tests="0" skipped="0" disabled="0" failures="0">
 </testsuite>
 <testsuite name="useRedirect hook .when call redirect" timestamp="2022-12-15T18:03:20" hostname="localhost" time="0.091" errors="0" tests="1" skipped="0" disabled="0" failures="0">
  <testcase classname="useRedirect hook .when call redirect" name="should dispatch PUSH action to store" time="0.091" />
 </testsuite>
</testsuites>