<?xml version="1.0" encoding="UTF-8" ?>
<testsuites disabled="0" errors="0" failures="0" tests="6" time="0.009">
 <testsuite name="Tag denormalizer" timestamp="2022-12-15T18:03:24" hostname="localhost" time="0.003" errors="0" tests="0" skipped="0" disabled="0" failures="0">
 </testsuite>
 <testsuite name="Tag denormalizer.tagDenormalizer()" timestamp="2022-12-15T18:03:24" hostname="localhost" time="0.001" errors="0" tests="0" skipped="0" disabled="0" failures="0">
 </testsuite>
 <testsuite name="Tag denormalizer.tagDenormalizer().when have category_id" timestamp="2022-12-15T18:03:24" hostname="localhost" time="0.001" errors="0" tests="1" skipped="0" disabled="0" failures="0">
  <testcase classname="Tag denormalizer.tagDenormalizer().when have category_id" name="should access all of reference key field" time="0.001" />
 </testsuite>
 <testsuite name="Tag denormalizer.tagDenormalizer().when haven&apos;t category_id" timestamp="2022-12-15T18:03:24" hostname="localhost" time="0" errors="0" tests="1" skipped="0" disabled="0" failures="0">
  <testcase classname="Tag denormalizer.tagDenormalizer().when haven&apos;t category_id" name="should access all of reference key field" time="0" />
 </testsuite>
 <testsuite name="Tag denormalizer.tagSingleItemDenormalizer()" timestamp="2022-12-15T18:03:24" hostname="localhost" time="0.001" errors="0" tests="0" skipped="0" disabled="0" failures="0">
 </testsuite>
 <testsuite name="Tag denormalizer.tagSingleItemDenormalizer().when have category_id" timestamp="2022-12-15T18:03:24" hostname="localhost" time="0.001" errors="0" tests="1" skipped="0" disabled="0" failures="0">
  <testcase classname="Tag denormalizer.tagSingleItemDenormalizer().when have category_id" name="should access all of reference key field" time="0.001" />
 </testsuite>
 <testsuite name="Tag denormalizer.tagSingleItemDenormalizer().when haven&apos;t category_id" timestamp="2022-12-15T18:03:24" hostname="localhost" time="0" errors="0" tests="1" skipped="0" disabled="0" failures="0">
  <testcase classname="Tag denormalizer.tagSingleItemDenormalizer().when haven&apos;t category_id" name="should access all of reference key field" time="0" />
 </testsuite>
 <testsuite name="Tag denormalizer.tagListDenormalizer()" timestamp="2022-12-15T18:03:24" hostname="localhost" time="0.001" errors="0" tests="0" skipped="0" disabled="0" failures="0">
 </testsuite>
 <testsuite name="Tag denormalizer.tagListDenormalizer().when have category_id" timestamp="2022-12-15T18:03:24" hostname="localhost" time="0.001" errors="0" tests="1" skipped="0" disabled="0" failures="0">
  <testcase classname="Tag denormalizer.tagListDenormalizer().when have category_id" name="should access all of reference key field" time="0.001" />
 </testsuite>
 <testsuite name="Tag denormalizer.tagListDenormalizer().when haven&apos;t category_id" timestamp="2022-12-15T18:03:24" hostname="localhost" time="0" errors="0" tests="1" skipped="0" disabled="0" failures="0">
  <testcase classname="Tag denormalizer.tagListDenormalizer().when haven&apos;t category_id" name="should access all of reference key field" time="0" />
 </testsuite>
</testsuites>