<?xml version="1.0" encoding="UTF-8" ?>
<testsuites disabled="0" errors="0" failures="0" tests="7" time="0.009">
 <testsuite name="useStateWithMaxLength hook" timestamp="2022-12-15T18:03:25" hostname="localhost" time="0.005" errors="0" tests="0" skipped="0" disabled="0" failures="0">
 </testsuite>
 <testsuite name="useStateWithMaxLength hook.when render hook" timestamp="2022-12-15T18:03:25" hostname="localhost" time="0.001" errors="0" tests="2" skipped="0" disabled="0" failures="0">
  <testcase classname="useStateWithMaxLength hook.when render hook" name="should state is same default state" time="0.001" />
  <testcase classname="useStateWithMaxLength hook.when render hook" name="should error is undefined" time="0" />
 </testsuite>
 <testsuite name="useStateWithMaxLength hook.when set state that length less then maxLength and more then minLength" timestamp="2022-12-15T18:03:25" hostname="localhost" time="0.002" errors="0" tests="2" skipped="0" disabled="0" failures="0">
  <testcase classname="useStateWithMaxLength hook.when set state that length less then maxLength and more then minLength" name="should state is same default state" time="0.002" />
  <testcase classname="useStateWithMaxLength hook.when set state that length less then maxLength and more then minLength" name="should error is undefined" time="0" />
 </testsuite>
 <testsuite name="useStateWithMaxLength hook.when set state that length more then maxLength" timestamp="2022-12-15T18:03:25" hostname="localhost" time="0" errors="0" tests="1" skipped="0" disabled="0" failures="0">
  <testcase classname="useStateWithMaxLength hook.when set state that length more then maxLength" name="should error code is TOO_LONG" time="0" />
 </testsuite>
 <testsuite name="useStateWithMaxLength hook.when set state that length less then minLength" timestamp="2022-12-15T18:03:25" hostname="localhost" time="0.001" errors="0" tests="1" skipped="0" disabled="0" failures="0">
  <testcase classname="useStateWithMaxLength hook.when set state that length less then minLength" name="should error code is TOO_SHORT" time="0" />
 </testsuite>
 <testsuite name="useStateWithMaxLength hook.when set state that first char is space" timestamp="2022-12-15T18:03:25" hostname="localhost" time="0" errors="0" tests="1" skipped="0" disabled="0" failures="0">
  <testcase classname="useStateWithMaxLength hook.when set state that first char is space" name="should error code is START_WITH_WHITE_SPACE" time="0" />
 </testsuite>
</testsuites>