<?xml version="1.0" encoding="UTF-8" ?>
<testsuites disabled="0" errors="0" failures="0" tests="5" time="0.031">
 <testsuite name="LocationCreator" timestamp="2022-12-15T18:03:25" hostname="localhost" time="0.015" errors="0" tests="0" skipped="0" disabled="0" failures="0">
 </testsuite>
 <testsuite name="LocationCreator.LocationCreator.toString" timestamp="2022-12-15T18:03:25" hostname="localhost" time="0.011" errors="0" tests="1" skipped="0" disabled="0" failures="0">
  <testcase classname="LocationCreator.LocationCreator.toString" name="should use reactRouter.generatePath is generate alright" time="0.011" />
 </testsuite>
 <testsuite name="LocationCreator.LocationCreator.toLocation" timestamp="2022-12-15T18:03:25" hostname="localhost" time="0.003" errors="0" tests="2" skipped="0" disabled="0" failures="0">
  <testcase classname="LocationCreator.LocationCreator.toLocation" name="should query option is be queryString" time="0.001" />
  <testcase classname="LocationCreator.LocationCreator.toLocation" name="should modal options is be state.modal" time="0" />
 </testsuite>
 <testsuite name="LocationCreator.LocationCreator.toLocation.when withBrowserSearch option pass" timestamp="2022-12-15T18:03:25" hostname="localhost" time="0.002" errors="0" tests="2" skipped="0" disabled="0" failures="0">
  <testcase classname="LocationCreator.LocationCreator.toLocation.when withBrowserSearch option pass" name="should location.search options is concat to search" time="0.001" />
  <testcase classname="LocationCreator.LocationCreator.toLocation.when withBrowserSearch option pass" name="should query option is better then location.search is concat to search" time="0.001" />
 </testsuite>
</testsuites>