<?xml version="1.0" encoding="UTF-8" ?>
<testsuites disabled="0" errors="0" failures="0" tests="6" time="0.01">
 <testsuite name="TagSet denormalizer" timestamp="2022-12-15T18:03:24" hostname="localhost" time="0.005" errors="0" tests="0" skipped="0" disabled="0" failures="0">
 </testsuite>
 <testsuite name="TagSet denormalizer.tagItemDenormalizer()" timestamp="2022-12-15T18:03:24" hostname="localhost" time="0.002" errors="0" tests="1" skipped="0" disabled="0" failures="0">
  <testcase classname="TagSet denormalizer.tagItemDenormalizer()" name="should denormalize" time="0.002" />
 </testsuite>
 <testsuite name="TagSet denormalizer.tagItemSingleItemDenormalizer()" timestamp="2022-12-15T18:03:24" hostname="localhost" time="0" errors="0" tests="1" skipped="0" disabled="0" failures="0">
  <testcase classname="TagSet denormalizer.tagItemSingleItemDenormalizer()" name="should denormalize" time="0" />
 </testsuite>
 <testsuite name="TagSet denormalizer.tagItemListDenormalizer()" timestamp="2022-12-15T18:03:24" hostname="localhost" time="0.001" errors="0" tests="1" skipped="0" disabled="0" failures="0">
  <testcase classname="TagSet denormalizer.tagItemListDenormalizer()" name="should denormalize" time="0.001" />
 </testsuite>
 <testsuite name="TagSet denormalizer.tagSetDenormalizer()" timestamp="2022-12-15T18:03:24" hostname="localhost" time="0.001" errors="0" tests="1" skipped="0" disabled="0" failures="0">
  <testcase classname="TagSet denormalizer.tagSetDenormalizer()" name="should denormalize" time="0.001" />
 </testsuite>
 <testsuite name="TagSet denormalizer.tagSetSingleItemDenormalizer()" timestamp="2022-12-15T18:03:24" hostname="localhost" time="0" errors="0" tests="1" skipped="0" disabled="0" failures="0">
  <testcase classname="TagSet denormalizer.tagSetSingleItemDenormalizer()" name="should denormalize" time="0" />
 </testsuite>
 <testsuite name="TagSet denormalizer.tagSetListDenormalizer()" timestamp="2022-12-15T18:03:24" hostname="localhost" time="0.001" errors="0" tests="1" skipped="0" disabled="0" failures="0">
  <testcase classname="TagSet denormalizer.tagSetListDenormalizer()" name="should denormalize" time="0.001" />
 </testsuite>
</testsuites>