<?xml version="1.0" encoding="UTF-8" ?>
<testsuites disabled="0" errors="0" failures="0" tests="1" time="0.001">
 <testsuite name="Profile action" timestamp="2022-12-15T18:03:27" hostname="localhost" time="0.001" errors="0" tests="0" skipped="0" disabled="0" failures="0">
 </testsuite>
 <testsuite name="Profile action.getProfile()" timestamp="2022-12-15T18:03:27" hostname="localhost" time="0" errors="0" tests="0" skipped="0" disabled="0" failures="0">
 </testsuite>
 <testsuite name="Profile action.getProfile().when succeeded" timestamp="2022-12-15T18:03:27" hostname="localhost" time="0" errors="0" tests="1" skipped="1" disabled="0" failures="0">
  <testcase classname="Profile action.getProfile().when succeeded" name="should return START, ADD_ENTITY, SUCCEED" time="0">
   <skipped />
  </testcase>
 </testsuite>
</testsuites>