<?xml version="1.0" encoding="UTF-8" ?>
<testsuites disabled="0" errors="0" failures="0" tests="3" time="0.117">
 <testsuite name="File upload action" timestamp="2022-12-15T18:03:18" hostname="localhost" time="0.041" errors="0" tests="0" skipped="0" disabled="0" failures="0">
 </testsuite>
 <testsuite name="File upload action.fileUpload()" timestamp="2022-12-15T18:03:18" hostname="localhost" time="0.035" errors="0" tests="0" skipped="0" disabled="0" failures="0">
 </testsuite>
 <testsuite name="File upload action.fileUpload().when it runs properly" timestamp="2022-12-15T18:03:18" hostname="localhost" time="0.03" errors="0" tests="1" skipped="0" disabled="0" failures="0">
  <testcase classname="File upload action.fileUpload().when it runs properly" name="should return START, END, SET" time="0.03" />
 </testsuite>
 <testsuite name="File upload action.fileUpload().when it runs failed" timestamp="2022-12-15T18:03:18" hostname="localhost" time="0.005" errors="0" tests="1" skipped="0" disabled="0" failures="0">
  <testcase classname="File upload action.fileUpload().when it runs failed" name="should return START, FAILED, END" time="0.005" />
 </testsuite>
 <testsuite name="File upload action.pollProcess()" timestamp="2022-12-15T18:03:18" hostname="localhost" time="0.006" errors="0" tests="1" skipped="0" disabled="0" failures="0">
  <testcase classname="File upload action.pollProcess()" name="should return SET_FILE_UPLOAD_STATUS" time="0.006" />
 </testsuite>
</testsuites>