<?xml version="1.0" encoding="UTF-8" ?>
<testsuites disabled="0" errors="0" failures="0" tests="1" time="0.008">
 <testsuite name="ChannelList Component" timestamp="2022-12-15T18:03:17" hostname="localhost" time="0.004" errors="0" tests="0" skipped="0" disabled="0" failures="0">
 </testsuite>
 <testsuite name="ChannelList Component.when inject default props" timestamp="2022-12-15T18:03:17" hostname="localhost" time="0.004" errors="0" tests="1" skipped="0" disabled="0" failures="0">
  <testcase classname="ChannelList Component.when inject default props" name="should render successfully" time="0.003" />
 </testsuite>
</testsuites>