<?xml version="1.0" encoding="UTF-8" ?>
<testsuites disabled="0" errors="0" failures="0" tests="6" time="0.421">
 <testsuite name="Draft action" timestamp="2022-12-15T18:03:13" hostname="localhost" time="0.194" errors="0" tests="0" skipped="0" disabled="0" failures="0">
 </testsuite>
 <testsuite name="Draft action.saveDraft()" timestamp="2022-12-15T18:03:13" hostname="localhost" time="0.092" errors="0" tests="1" skipped="0" disabled="0" failures="0">
  <testcase classname="Draft action.saveDraft()" name="should return START, ADD_ENTITY, SUCCEEDED" time="0.088" />
 </testsuite>
 <testsuite name="Draft action.updateDraft()" timestamp="2022-12-15T18:03:13" hostname="localhost" time="0.01" errors="0" tests="1" skipped="0" disabled="0" failures="0">
  <testcase classname="Draft action.updateDraft()" name="should return START, ADD_ENTITY, SUCCEEDED" time="0.008" />
 </testsuite>
 <testsuite name="Draft action.deleteDraft()" timestamp="2022-12-15T18:03:13" hostname="localhost" time="0.029" errors="0" tests="1" skipped="0" disabled="0" failures="0">
  <testcase classname="Draft action.deleteDraft()" name="should return START, SUCCEEDED" time="0.029" />
 </testsuite>
 <testsuite name="Draft action.getDraftList()" timestamp="2022-12-15T18:03:14" hostname="localhost" time="0.043" errors="0" tests="0" skipped="0" disabled="0" failures="0">
 </testsuite>
 <testsuite name="Draft action.getDraftList().when called successfully" timestamp="2022-12-15T18:03:14" hostname="localhost" time="0.011" errors="0" tests="1" skipped="0" disabled="0" failures="0">
  <testcase classname="Draft action.getDraftList().when called successfully" name="should return START, ADD_ENTITY, SUCCEEDED" time="0.01" />
 </testsuite>
 <testsuite name="Draft action.getDraftList().when call failed" timestamp="2022-12-15T18:03:14" hostname="localhost" time="0.031" errors="0" tests="1" skipped="0" disabled="0" failures="0">
  <testcase classname="Draft action.getDraftList().when call failed" name="should return START, FAILED" time="0.031" />
 </testsuite>
 <testsuite name="Draft action.deleteAllDraft()" timestamp="2022-12-15T18:03:14" hostname="localhost" time="0.011" errors="0" tests="1" skipped="0" disabled="0" failures="0">
  <testcase classname="Draft action.deleteAllDraft()" name="should return START, SUCCEEDED" time="0.01" />
 </testsuite>
</testsuites>