<?xml version="1.0" encoding="UTF-8" ?>
<testsuites disabled="0" errors="0" failures="0" tests="19" time="0.062">
 <testsuite name="Draft reducer" timestamp="2022-12-15T18:03:26" hostname="localhost" time="0.031" errors="0" tests="0" skipped="0" disabled="0" failures="0">
 </testsuite>
 <testsuite name="Draft reducer.when receive OPEN_DRAFT_LIST_MODAL" timestamp="2022-12-15T18:03:26" hostname="localhost" time="0.007" errors="0" tests="1" skipped="0" disabled="0" failures="0">
  <testcase classname="Draft reducer.when receive OPEN_DRAFT_LIST_MODAL" name="should change modalOpen" time="0.007" />
 </testsuite>
 <testsuite name="Draft reducer.when receive CLOSE_DRAFT_LIST_MODAL" timestamp="2022-12-15T18:03:26" hostname="localhost" time="0" errors="0" tests="1" skipped="0" disabled="0" failures="0">
  <testcase classname="Draft reducer.when receive CLOSE_DRAFT_LIST_MODAL" name="should change modalOpen" time="0" />
 </testsuite>
 <testsuite name="Draft reducer.when receive START_SAVE_DRAFT" timestamp="2022-12-15T18:03:26" hostname="localhost" time="0.001" errors="0" tests="1" skipped="0" disabled="0" failures="0">
  <testcase classname="Draft reducer.when receive START_SAVE_DRAFT" name="should change isSaving, errorBy" time="0.001" />
 </testsuite>
 <testsuite name="Draft reducer.when receive START_UPDATE_DRAFT" timestamp="2022-12-15T18:03:26" hostname="localhost" time="0" errors="0" tests="1" skipped="0" disabled="0" failures="0">
  <testcase classname="Draft reducer.when receive START_UPDATE_DRAFT" name="should change isSaving, errorBy" time="0" />
 </testsuite>
 <testsuite name="Draft reducer.when receive FAILED_UPDATE_DRAFT" timestamp="2022-12-15T18:03:26" hostname="localhost" time="0.015" errors="0" tests="1" skipped="0" disabled="0" failures="0">
  <testcase classname="Draft reducer.when receive FAILED_UPDATE_DRAFT" name="should change isSaving, errorBy" time="0.015" />
 </testsuite>
 <testsuite name="Draft reducer.when receive FAILED_SAVE_DRAFT" timestamp="2022-12-15T18:03:26" hostname="localhost" time="0.001" errors="0" tests="1" skipped="0" disabled="0" failures="0">
  <testcase classname="Draft reducer.when receive FAILED_SAVE_DRAFT" name="should change isSaving, errorBy" time="0.001" />
 </testsuite>
 <testsuite name="Draft reducer.when receive SUCCEEDED_UPDATE_DRAFT" timestamp="2022-12-15T18:03:26" hostname="localhost" time="0" errors="0" tests="1" skipped="0" disabled="0" failures="0">
  <testcase classname="Draft reducer.when receive SUCCEEDED_UPDATE_DRAFT" name="should change isSaving" time="0" />
 </testsuite>
 <testsuite name="Draft reducer.when receive SUCCEEDED_SAVE_DRAFT" timestamp="2022-12-15T18:03:26" hostname="localhost" time="0.001" errors="0" tests="1" skipped="0" disabled="0" failures="0">
  <testcase classname="Draft reducer.when receive SUCCEEDED_SAVE_DRAFT" name="should change isSaving, currentDraftId" time="0.001" />
 </testsuite>
 <testsuite name="Draft reducer.when receive SET_CURRENT_DRAFT" timestamp="2022-12-15T18:03:26" hostname="localhost" time="0" errors="0" tests="1" skipped="0" disabled="0" failures="0">
  <testcase classname="Draft reducer.when receive SET_CURRENT_DRAFT" name="should change currentDraftId" time="0" />
 </testsuite>
 <testsuite name="Draft reducer.when receive START_DELETE_DRAFT" timestamp="2022-12-15T18:03:26" hostname="localhost" time="0.001" errors="0" tests="1" skipped="0" disabled="0" failures="0">
  <testcase classname="Draft reducer.when receive START_DELETE_DRAFT" name="should change deleteStateRecord" time="0.001" />
 </testsuite>
 <testsuite name="Draft reducer.when receive FAILED_DELETE_DRAFT" timestamp="2022-12-15T18:03:26" hostname="localhost" time="0" errors="0" tests="1" skipped="0" disabled="0" failures="0">
  <testcase classname="Draft reducer.when receive FAILED_DELETE_DRAFT" name="should change deleteStateRecord" time="0" />
 </testsuite>
 <testsuite name="Draft reducer.when receive SUCCEEDED_DELETE_DRAFT" timestamp="2022-12-15T18:03:26" hostname="localhost" time="0.001" errors="0" tests="1" skipped="0" disabled="0" failures="0">
  <testcase classname="Draft reducer.when receive SUCCEEDED_DELETE_DRAFT" name="should change deleteStateRecord, drafts" time="0.001" />
 </testsuite>
 <testsuite name="Draft reducer.when receive START_GET_DRAFT_LIST" timestamp="2022-12-15T18:03:26" hostname="localhost" time="0.001" errors="0" tests="1" skipped="0" disabled="0" failures="0">
  <testcase classname="Draft reducer.when receive START_GET_DRAFT_LIST" name="should change isListLoading, errorBy" time="0.001" />
 </testsuite>
 <testsuite name="Draft reducer.when receive FAILED_GET_DRAFT_LIST" timestamp="2022-12-15T18:03:26" hostname="localhost" time="0" errors="0" tests="1" skipped="0" disabled="0" failures="0">
  <testcase classname="Draft reducer.when receive FAILED_GET_DRAFT_LIST" name="should change isLoading, errorBy" time="0" />
 </testsuite>
 <testsuite name="Draft reducer.when receive SUCCEEDED_GET_DRAFT_LIST" timestamp="2022-12-15T18:03:26" hostname="localhost" time="0.002" errors="0" tests="1" skipped="0" disabled="0" failures="0">
  <testcase classname="Draft reducer.when receive SUCCEEDED_GET_DRAFT_LIST" name="should change isLoading, drafts" time="0.002" />
 </testsuite>
 <testsuite name="Draft reducer.when receive START_DELETE_ALL_DRAFT" timestamp="2022-12-15T18:03:26" hostname="localhost" time="0" errors="0" tests="1" skipped="0" disabled="0" failures="0">
  <testcase classname="Draft reducer.when receive START_DELETE_ALL_DRAFT" name="should change isDeleting, errorBy" time="0" />
 </testsuite>
 <testsuite name="Draft reducer.when receive FAILED_DELETE_ALL_DRAFT" timestamp="2022-12-15T18:03:26" hostname="localhost" time="0" errors="0" tests="1" skipped="0" disabled="0" failures="0">
  <testcase classname="Draft reducer.when receive FAILED_DELETE_ALL_DRAFT" name="should change isDeleting, errorBy" time="0" />
 </testsuite>
 <testsuite name="Draft reducer.when receive SUCCEEDED_DELETE_ALL_DRAFT" timestamp="2022-12-15T18:03:26" hostname="localhost" time="0" errors="0" tests="1" skipped="0" disabled="0" failures="0">
  <testcase classname="Draft reducer.when receive SUCCEEDED_DELETE_ALL_DRAFT" name="should change isDeleting, errorBy" time="0" />
 </testsuite>
 <testsuite name="Draft reducer.when receive SUCCEEDED_GET_DRAFT_COUNT" timestamp="2022-12-15T18:03:26" hostname="localhost" time="0.001" errors="0" tests="1" skipped="0" disabled="0" failures="0">
  <testcase classname="Draft reducer.when receive SUCCEEDED_GET_DRAFT_COUNT" name="should change draftCount" time="0.001" />
 </testsuite>
</testsuites>