<?xml version="1.0" encoding="UTF-8" ?>
<testsuites disabled="0" errors="0" failures="0" tests="3" time="0.282">
 <testsuite name="getParentScrollElement()" timestamp="2022-12-15T18:03:24" hostname="localhost" time="0.141" errors="0" tests="0" skipped="0" disabled="0" failures="0">
 </testsuite>
 <testsuite name="getParentScrollElement().when element is null" timestamp="2022-12-15T18:03:24" hostname="localhost" time="0.002" errors="0" tests="1" skipped="0" disabled="0" failures="0">
  <testcase classname="getParentScrollElement().when element is null" name="parentScrollElement should be null" time="0.001" />
 </testsuite>
 <testsuite name="getParentScrollElement().when element has not parent scrollable" timestamp="2022-12-15T18:03:24" hostname="localhost" time="0.136" errors="0" tests="1" skipped="0" disabled="0" failures="0">
  <testcase classname="getParentScrollElement().when element has not parent scrollable" name="parentScrollElement should be scroll element" time="0.136" />
 </testsuite>
 <testsuite name="getParentScrollElement().when element parent scrollable" timestamp="2022-12-15T18:03:24" hostname="localhost" time="0.003" errors="0" tests="1" skipped="0" disabled="0" failures="0">
  <testcase classname="getParentScrollElement().when element parent scrollable" name="parentScrollElement should be scroll element" time="0.003" />
 </testsuite>
</testsuites>