<?xml version="1.0" encoding="UTF-8" ?>
<testsuites disabled="0" errors="0" failures="0" tests="4" time="0.042">
 <testsuite name="getSubdomain helpers" timestamp="2022-12-15T18:03:26" hostname="localhost" time="0.014" errors="0" tests="0" skipped="0" disabled="0" failures="0">
 </testsuite>
 <testsuite name="getSubdomain helpers.getSubdomain()" timestamp="2022-12-15T18:03:26" hostname="localhost" time="0.014" errors="0" tests="0" skipped="0" disabled="0" failures="0">
 </testsuite>
 <testsuite name="getSubdomain helpers.getSubdomain().when given regular hostname" timestamp="2022-12-15T18:03:26" hostname="localhost" time="0.013" errors="0" tests="1" skipped="0" disabled="0" failures="0">
  <testcase classname="getSubdomain helpers.getSubdomain().when given regular hostname" name="should return hub" time="0.012" />
 </testsuite>
 <testsuite name="getSubdomain helpers.getSubdomain().when given www. hostname" timestamp="2022-12-15T18:03:26" hostname="localhost" time="0.001" errors="0" tests="1" skipped="0" disabled="0" failures="0">
  <testcase classname="getSubdomain helpers.getSubdomain().when given www. hostname" name="should return hub" time="0.001" />
 </testsuite>
 <testsuite name="getSubdomain helpers.getSubdomain().when given group hostname" timestamp="2022-12-15T18:03:26" hostname="localhost" time="0" errors="0" tests="1" skipped="0" disabled="0" failures="0">
  <testcase classname="getSubdomain helpers.getSubdomain().when given group hostname" name="should return groupname" time="0" />
 </testsuite>
 <testsuite name="getSubdomain helpers.getSubdomain().when given group hostname with Caps" timestamp="2022-12-15T18:03:26" hostname="localhost" time="0" errors="0" tests="1" skipped="0" disabled="0" failures="0">
  <testcase classname="getSubdomain helpers.getSubdomain().when given group hostname with Caps" name="should return groupname" time="0" />
 </testsuite>
</testsuites>