<?xml version="1.0" encoding="UTF-8" ?>
<testsuites disabled="0" errors="0" failures="0" tests="3" time="0.04">
 <testsuite name="Channel normalizer" timestamp="2022-12-15T18:03:24" hostname="localhost" time="0.02" errors="0" tests="0" skipped="0" disabled="0" failures="0">
 </testsuite>
 <testsuite name="Channel normalizer.channelNormalizer()" timestamp="2022-12-15T18:03:24" hostname="localhost" time="0.019" errors="0" tests="1" skipped="0" disabled="0" failures="0">
  <testcase classname="Channel normalizer.channelNormalizer()" name="should able normalize" time="0.019" />
 </testsuite>
 <testsuite name="Channel normalizer.channelSingleItemNormalizer()" timestamp="2022-12-15T18:03:24" hostname="localhost" time="0" errors="0" tests="1" skipped="0" disabled="0" failures="0">
  <testcase classname="Channel normalizer.channelSingleItemNormalizer()" name="should able normalize" time="0" />
 </testsuite>
 <testsuite name="Channel normalizer.channelListNormalizer()" timestamp="2022-12-15T18:03:24" hostname="localhost" time="0.001" errors="0" tests="1" skipped="0" disabled="0" failures="0">
  <testcase classname="Channel normalizer.channelListNormalizer()" name="should able normalize" time="0.001" />
 </testsuite>
</testsuites>