<?xml version="1.0" encoding="UTF-8" ?>
<testsuites disabled="0" errors="0" failures="0" tests="3" time="0.024">
 <testsuite name="ellipsisText" timestamp="2022-12-15T18:03:26" hostname="localhost" time="0.012" errors="0" tests="0" skipped="0" disabled="0" failures="0">
 </testsuite>
 <testsuite name="ellipsisText.when text size is small then maxLength" timestamp="2022-12-15T18:03:26" hostname="localhost" time="0" errors="0" tests="1" skipped="0" disabled="0" failures="0">
  <testcase classname="ellipsisText.when text size is small then maxLength" name="should return text as equal injected text" time="0" />
 </testsuite>
 <testsuite name="ellipsisText.when text size is large then maxLength" timestamp="2022-12-15T18:03:26" hostname="localhost" time="0.012" errors="0" tests="2" skipped="0" disabled="0" failures="0">
  <testcase classname="ellipsisText.when text size is large then maxLength" name="should return text with ellipsis" time="0.011" />
  <testcase classname="ellipsisText.when text size is large then maxLength" name="should return text with injected ellipsis text" time="0.001" />
 </testsuite>
</testsuites>