<?xml version="1.0" encoding="UTF-8" ?>
<testsuites disabled="0" errors="0" failures="0" tests="3" time="0.006">
 <testsuite name="Cryptobadge denormalizer" timestamp="2022-12-15T18:03:23" hostname="localhost" time="0.003" errors="0" tests="0" skipped="0" disabled="0" failures="0">
 </testsuite>
 <testsuite name="Cryptobadge denormalizer.certificationDenormalizer()" timestamp="2022-12-15T18:03:23" hostname="localhost" time="0.002" errors="0" tests="1" skipped="0" disabled="0" failures="0">
  <testcase classname="Cryptobadge denormalizer.certificationDenormalizer()" name="should denormalize successfully" time="0.002" />
 </testsuite>
 <testsuite name="Cryptobadge denormalizer.certificationSingleItemDenormalizer()" timestamp="2022-12-15T18:03:23" hostname="localhost" time="0" errors="0" tests="1" skipped="0" disabled="0" failures="0">
  <testcase classname="Cryptobadge denormalizer.certificationSingleItemDenormalizer()" name="should denormalize successfully" time="0" />
 </testsuite>
 <testsuite name="Cryptobadge denormalizer.certificationListDenormalizer()" timestamp="2022-12-15T18:03:23" hostname="localhost" time="0.001" errors="0" tests="1" skipped="0" disabled="0" failures="0">
  <testcase classname="Cryptobadge denormalizer.certificationListDenormalizer()" name="should denormalize successfully" time="0" />
 </testsuite>
</testsuites>