<?xml version="1.0" encoding="UTF-8" ?>
<testsuites disabled="0" errors="0" failures="0" tests="4" time="0.154">
 <testsuite name="Channel API" timestamp="2022-12-15T18:03:18" hostname="localhost" time="0.077" errors="0" tests="0" skipped="0" disabled="0" failures="0">
 </testsuite>
 <testsuite name="Channel API.getChannels()" timestamp="2022-12-15T18:03:18" hostname="localhost" time="0.041" errors="0" tests="1" skipped="0" disabled="0" failures="0">
  <testcase classname="Channel API.getChannels()" name="should return paginated response" time="0.04" />
 </testsuite>
 <testsuite name="Channel API.deleteChannel()" timestamp="2022-12-15T18:03:19" hostname="localhost" time="0.007" errors="0" tests="1" skipped="0" disabled="0" failures="0">
  <testcase classname="Channel API.deleteChannel()" name="should delete message" time="0.007" />
 </testsuite>
 <testsuite name="Channel API.editChannel()" timestamp="2022-12-15T18:03:19" hostname="localhost" time="0.019" errors="0" tests="1" skipped="0" disabled="0" failures="0">
  <testcase classname="Channel API.editChannel()" name="should edit channel" time="0.019" />
 </testsuite>
 <testsuite name="Channel API.createChannel()" timestamp="2022-12-15T18:03:19" hostname="localhost" time="0.01" errors="0" tests="1" skipped="0" disabled="0" failures="0">
  <testcase classname="Channel API.createChannel()" name="should create channel" time="0.01" />
 </testsuite>
</testsuites>