<?xml version="1.0" encoding="UTF-8" ?>
<testsuites disabled="0" errors="0" failures="0" tests="3" time="0.022">
 <testsuite name="useCancelToken" timestamp="2022-12-15T18:03:25" hostname="localhost" time="0.012" errors="0" tests="0" skipped="0" disabled="0" failures="0">
 </testsuite>
 <testsuite name="useCancelToken.when call useCancelToken" timestamp="2022-12-15T18:03:25" hostname="localhost" time="0.004" errors="0" tests="1" skipped="0" disabled="0" failures="0">
  <testcase classname="useCancelToken.when call useCancelToken" name="should return cancel token" time="0.004" />
 </testsuite>
 <testsuite name="useCancelToken.when inject same identity" timestamp="2022-12-15T18:03:25" hostname="localhost" time="0.003" errors="0" tests="1" skipped="0" disabled="0" failures="0">
  <testcase classname="useCancelToken.when inject same identity" name="should return equal cancel token" time="0.003" />
 </testsuite>
 <testsuite name="useCancelToken.when change identity" timestamp="2022-12-15T18:03:25" hostname="localhost" time="0.003" errors="0" tests="1" skipped="0" disabled="0" failures="0">
  <testcase classname="useCancelToken.when change identity" name="should return new cancel token" time="0.003" />
 </testsuite>
</testsuites>