<?xml version="1.0" encoding="UTF-8" ?>
<testsuites disabled="0" errors="0" failures="0" tests="21" time="0.034">
 <testsuite name="conversation reducer" timestamp="2022-12-15T18:03:25" hostname="localhost" time="0.011" errors="0" tests="0" skipped="0" disabled="0" failures="0">
 </testsuite>
 <testsuite name="conversation reducer.GET_CONVERSATION" timestamp="2022-12-15T18:03:25" hostname="localhost" time="0.002" errors="0" tests="0" skipped="0" disabled="0" failures="0">
 </testsuite>
 <testsuite name="conversation reducer.GET_CONVERSATION.when receive START_GET_CONVERSATION" timestamp="2022-12-15T18:03:25" hostname="localhost" time="0.001" errors="0" tests="1" skipped="0" disabled="0" failures="0">
  <testcase classname="conversation reducer.GET_CONVERSATION.when receive START_GET_CONVERSATION" name="should getConversationsLoading set true" time="0.001" />
 </testsuite>
 <testsuite name="conversation reducer.GET_CONVERSATION.when receive SUCCEED_GET_CONVERSATION" timestamp="2022-12-15T18:03:25" hostname="localhost" time="0" errors="0" tests="1" skipped="0" disabled="0" failures="0">
  <testcase classname="conversation reducer.GET_CONVERSATION.when receive SUCCEED_GET_CONVERSATION" name="should getConversationsLoading set false" time="0" />
 </testsuite>
 <testsuite name="conversation reducer.GET_CONVERSATION.when receive FAILED_GET_CONVERSATION" timestamp="2022-12-15T18:03:25" hostname="localhost" time="0.001" errors="0" tests="1" skipped="0" disabled="0" failures="0">
  <testcase classname="conversation reducer.GET_CONVERSATION.when receive FAILED_GET_CONVERSATION" name="should getConversationsLoading set false" time="0.001" />
 </testsuite>
 <testsuite name="conversation reducer.GET_CONVERSATION_MEMBERS" timestamp="2022-12-15T18:03:25" hostname="localhost" time="0.004" errors="0" tests="0" skipped="0" disabled="0" failures="0">
 </testsuite>
 <testsuite name="conversation reducer.GET_CONVERSATION_MEMBERS.when receive START_GET_CONVERSATION_MEMBERS" timestamp="2022-12-15T18:03:25" hostname="localhost" time="0" errors="0" tests="1" skipped="0" disabled="0" failures="0">
  <testcase classname="conversation reducer.GET_CONVERSATION_MEMBERS.when receive START_GET_CONVERSATION_MEMBERS" name="should conversationMembersLoading[MOCK_CHANNEL_ID] set true" time="0" />
 </testsuite>
 <testsuite name="conversation reducer.GET_CONVERSATION_MEMBERS.when receive SUCCEED_GET_CONVERSATION_MEMBERS" timestamp="2022-12-15T18:03:25" hostname="localhost" time="0.003" errors="0" tests="0" skipped="0" disabled="0" failures="0">
 </testsuite>
 <testsuite name="conversation reducer.GET_CONVERSATION_MEMBERS.when receive SUCCEED_GET_CONVERSATION_MEMBERS.when member data is empty" timestamp="2022-12-15T18:03:25" hostname="localhost" time="0.001" errors="0" tests="2" skipped="0" disabled="0" failures="0">
  <testcase classname="conversation reducer.GET_CONVERSATION_MEMBERS.when receive SUCCEED_GET_CONVERSATION_MEMBERS.when member data is empty" name="should conversationMembersLoading[MOCK_CHANNEL_ID] set false" time="0.001" />
  <testcase classname="conversation reducer.GET_CONVERSATION_MEMBERS.when receive SUCCEED_GET_CONVERSATION_MEMBERS.when member data is empty" name="should conversations is payload.conversations" time="0" />
 </testsuite>
 <testsuite name="conversation reducer.GET_CONVERSATION_MEMBERS.when receive SUCCEED_GET_CONVERSATION_MEMBERS.when conversations is not empty" timestamp="2022-12-15T18:03:25" hostname="localhost" time="0.002" errors="0" tests="1" skipped="0" disabled="0" failures="0">
  <testcase classname="conversation reducer.GET_CONVERSATION_MEMBERS.when receive SUCCEED_GET_CONVERSATION_MEMBERS.when conversations is not empty" name="should data added from payload" time="0.002" />
 </testsuite>
 <testsuite name="conversation reducer.GET_CONVERSATION_MEMBERS.when receive FAILED_GET_CONVERSATION_MEMBERS" timestamp="2022-12-15T18:03:25" hostname="localhost" time="0.001" errors="0" tests="1" skipped="0" disabled="0" failures="0">
  <testcase classname="conversation reducer.GET_CONVERSATION_MEMBERS.when receive FAILED_GET_CONVERSATION_MEMBERS" name="should getConversationsLoading set false" time="0.001" />
 </testsuite>
 <testsuite name="conversation reducer.JOIN_CONVERSATION" timestamp="2022-12-15T18:03:25" hostname="localhost" time="0" errors="0" tests="0" skipped="0" disabled="0" failures="0">
 </testsuite>
 <testsuite name="conversation reducer.JOIN_CONVERSATION.when receive START_JOIN_CONVERSATION" timestamp="2022-12-15T18:03:25" hostname="localhost" time="0" errors="0" tests="1" skipped="0" disabled="0" failures="0">
  <testcase classname="conversation reducer.JOIN_CONVERSATION.when receive START_JOIN_CONVERSATION" name="should joinConversationLoading[MOCK_CHANNEL_ID] set true" time="0" />
 </testsuite>
 <testsuite name="conversation reducer.JOIN_CONVERSATION.when receive SUCCEED_JOIN_CONVERSATION" timestamp="2022-12-15T18:03:25" hostname="localhost" time="0" errors="0" tests="1" skipped="0" disabled="0" failures="0">
  <testcase classname="conversation reducer.JOIN_CONVERSATION.when receive SUCCEED_JOIN_CONVERSATION" name="should joinConversationLoading[MOCK_CHANNEL_ID] set false" time="0" />
 </testsuite>
 <testsuite name="conversation reducer.JOIN_CONVERSATION.when receive FAILED_JOIN_CONVERSATION" timestamp="2022-12-15T18:03:25" hostname="localhost" time="0" errors="0" tests="1" skipped="0" disabled="0" failures="0">
  <testcase classname="conversation reducer.JOIN_CONVERSATION.when receive FAILED_JOIN_CONVERSATION" name="should joinConversationLoading[MOCK_CHANNEL_ID] set false" time="0" />
 </testsuite>
 <testsuite name="conversation reducer.GET_CONVERSATION_MESSAGES" timestamp="2022-12-15T18:03:25" hostname="localhost" time="0.002" errors="0" tests="0" skipped="0" disabled="0" failures="0">
 </testsuite>
 <testsuite name="conversation reducer.GET_CONVERSATION_MESSAGES.when receive START_GET_CONVERSATION_MESSAGES" timestamp="2022-12-15T18:03:25" hostname="localhost" time="0.001" errors="0" tests="1" skipped="0" disabled="0" failures="0">
  <testcase classname="conversation reducer.GET_CONVERSATION_MESSAGES.when receive START_GET_CONVERSATION_MESSAGES" name="should getMessagesLoading[MOCK_CHANNEL_ID] set true" time="0.001" />
 </testsuite>
 <testsuite name="conversation reducer.GET_CONVERSATION_MESSAGES.when receive SUCCEED_GET_CONVERSATION_MESSAGES" timestamp="2022-12-15T18:03:25" hostname="localhost" time="0.001" errors="0" tests="0" skipped="0" disabled="0" failures="0">
 </testsuite>
 <testsuite name="conversation reducer.GET_CONVERSATION_MESSAGES.when receive SUCCEED_GET_CONVERSATION_MESSAGES.when member data is empty" timestamp="2022-12-15T18:03:25" hostname="localhost" time="0" errors="0" tests="2" skipped="0" disabled="0" failures="0">
  <testcase classname="conversation reducer.GET_CONVERSATION_MESSAGES.when receive SUCCEED_GET_CONVERSATION_MESSAGES.when member data is empty" name="should getMessagesLoading[MOCK_CHANNEL_ID] set false" time="0" />
  <testcase classname="conversation reducer.GET_CONVERSATION_MESSAGES.when receive SUCCEED_GET_CONVERSATION_MESSAGES.when member data is empty" name="should conversations is payload.conversations" time="0" />
 </testsuite>
 <testsuite name="conversation reducer.GET_CONVERSATION_MESSAGES.when receive SUCCEED_GET_CONVERSATION_MESSAGES.when conversations is not empty" timestamp="2022-12-15T18:03:25" hostname="localhost" time="0.001" errors="0" tests="1" skipped="0" disabled="0" failures="0">
  <testcase classname="conversation reducer.GET_CONVERSATION_MESSAGES.when receive SUCCEED_GET_CONVERSATION_MESSAGES.when conversations is not empty" name="should data added from payload" time="0.001" />
 </testsuite>
 <testsuite name="conversation reducer.GET_CONVERSATION_MESSAGES.when receive FAILED_GET_CONVERSATION_MESSAGES" timestamp="2022-12-15T18:03:25" hostname="localhost" time="0" errors="0" tests="1" skipped="0" disabled="0" failures="0">
  <testcase classname="conversation reducer.GET_CONVERSATION_MESSAGES.when receive FAILED_GET_CONVERSATION_MESSAGES" name="should getMessagesLoading set false" time="0" />
 </testsuite>
 <testsuite name="conversation reducer.CREATE_CONVERSATION_MESSAGE" timestamp="2022-12-15T18:03:25" hostname="localhost" time="0.001" errors="0" tests="0" skipped="0" disabled="0" failures="0">
 </testsuite>
 <testsuite name="conversation reducer.CREATE_CONVERSATION_MESSAGE.START_CREATE_CONVERSATION" timestamp="2022-12-15T18:03:25" hostname="localhost" time="0" errors="0" tests="1" skipped="0" disabled="0" failures="0">
  <testcase classname="conversation reducer.CREATE_CONVERSATION_MESSAGE.START_CREATE_CONVERSATION" name="should set createMessageLoading[MOCK_CHANNEL_ID] true" time="0" />
 </testsuite>
 <testsuite name="conversation reducer.CREATE_CONVERSATION_MESSAGE.SUCCEED_CREATE_CONVERSATION_MESSAGE" timestamp="2022-12-15T18:03:25" hostname="localhost" time="0.001" errors="0" tests="2" skipped="0" disabled="0" failures="0">
  <testcase classname="conversation reducer.CREATE_CONVERSATION_MESSAGE.SUCCEED_CREATE_CONVERSATION_MESSAGE" name="should set createMessageLoading[MOCK_CHANNEL_ID] false" time="0.001" />
  <testcase classname="conversation reducer.CREATE_CONVERSATION_MESSAGE.SUCCEED_CREATE_CONVERSATION_MESSAGE" name="should add messages[MOCK_CHANNEL_ID] data from payload" time="0" />
 </testsuite>
 <testsuite name="conversation reducer.CREATE_CONVERSATION_MESSAGE.FAILED_CREATE_CONVERSATION_MESSAGE" timestamp="2022-12-15T18:03:25" hostname="localhost" time="0" errors="0" tests="1" skipped="0" disabled="0" failures="0">
  <testcase classname="conversation reducer.CREATE_CONVERSATION_MESSAGE.FAILED_CREATE_CONVERSATION_MESSAGE" name="should set createMessageLoading[MOCK_CHANNEL_ID] false" time="0" />
 </testsuite>
 <testsuite name="conversation reducer.DELETE_CONVERSATION_MESSAGE" timestamp="2022-12-15T18:03:25" hostname="localhost" time="0.001" errors="0" tests="1" skipped="0" disabled="0" failures="0">
  <testcase classname="conversation reducer.DELETE_CONVERSATION_MESSAGE" name="should remove target message" time="0.001" />
 </testsuite>
</testsuites>