<?xml version="1.0" encoding="UTF-8" ?>
<testsuites disabled="0" errors="0" failures="0" tests="6" time="0.008">
 <testsuite name="TagSet normalizer" timestamp="2022-12-15T18:03:24" hostname="localhost" time="0.004" errors="0" tests="0" skipped="0" disabled="0" failures="0">
 </testsuite>
 <testsuite name="TagSet normalizer.tagItemNormalizer()" timestamp="2022-12-15T18:03:24" hostname="localhost" time="0.001" errors="0" tests="1" skipped="0" disabled="0" failures="0">
  <testcase classname="TagSet normalizer.tagItemNormalizer()" name="should able normalize" time="0.001" />
 </testsuite>
 <testsuite name="TagSet normalizer.tagItemSingleItemNormalizer()" timestamp="2022-12-15T18:03:24" hostname="localhost" time="0.001" errors="0" tests="1" skipped="0" disabled="0" failures="0">
  <testcase classname="TagSet normalizer.tagItemSingleItemNormalizer()" name="should able normalize" time="0.001" />
 </testsuite>
 <testsuite name="TagSet normalizer.tagItemListNormalizer()" timestamp="2022-12-15T18:03:24" hostname="localhost" time="0" errors="0" tests="1" skipped="0" disabled="0" failures="0">
  <testcase classname="TagSet normalizer.tagItemListNormalizer()" name="should able normalize" time="0" />
 </testsuite>
 <testsuite name="TagSet normalizer.tagSetNormalizer()" timestamp="2022-12-15T18:03:24" hostname="localhost" time="0.001" errors="0" tests="1" skipped="0" disabled="0" failures="0">
  <testcase classname="TagSet normalizer.tagSetNormalizer()" name="should able normalize" time="0.001" />
 </testsuite>
 <testsuite name="TagSet normalizer.tagSetSingleItemNormalizer()" timestamp="2022-12-15T18:03:24" hostname="localhost" time="0" errors="0" tests="1" skipped="0" disabled="0" failures="0">
  <testcase classname="TagSet normalizer.tagSetSingleItemNormalizer()" name="should able normalize" time="0" />
 </testsuite>
 <testsuite name="TagSet normalizer.tagSetListNormalizer()" timestamp="2022-12-15T18:03:24" hostname="localhost" time="0.001" errors="0" tests="1" skipped="0" disabled="0" failures="0">
  <testcase classname="TagSet normalizer.tagSetListNormalizer()" name="should able normalize" time="0.001" />
 </testsuite>
</testsuites>