<?xml version="1.0" encoding="UTF-8" ?>
<testsuites disabled="0" errors="0" failures="0" tests="10" time="0.951">
 <testsuite name="user actions" timestamp="2022-12-15T18:03:16" hostname="localhost" time="0.318" errors="0" tests="0" skipped="0" disabled="0" failures="0">
 </testsuite>
 <testsuite name="user actions.getUsers()" timestamp="2022-12-15T18:03:16" hostname="localhost" time="0.062" errors="0" tests="0" skipped="0" disabled="0" failures="0">
 </testsuite>
 <testsuite name="user actions.getUsers().when succeed" timestamp="2022-12-15T18:03:16" hostname="localhost" time="0.027" errors="0" tests="1" skipped="0" disabled="0" failures="0">
  <testcase classname="user actions.getUsers().when succeed" name="should dispatch action (START_GET_USERS, ADD_ENTITY, SUCCEED_GET_USERS)" time="0.026" />
 </testsuite>
 <testsuite name="user actions.getUsers().when failed" timestamp="2022-12-15T18:03:16" hostname="localhost" time="0.035" errors="0" tests="1" skipped="0" disabled="0" failures="0">
  <testcase classname="user actions.getUsers().when failed" name="should dispatch action (START_GET_USERS, FAILED_GET_USERS)" time="0.034" />
 </testsuite>
 <testsuite name="user actions.postUser()" timestamp="2022-12-15T18:03:16" hostname="localhost" time="0.158" errors="0" tests="0" skipped="0" disabled="0" failures="0">
 </testsuite>
 <testsuite name="user actions.postUser().when succeed" timestamp="2022-12-15T18:03:16" hostname="localhost" time="0.15" errors="0" tests="1" skipped="0" disabled="0" failures="0">
  <testcase classname="user actions.postUser().when succeed" name="should dispatch action (START_POST_USER, ADD_ENTITY, SUCCEED_POST_USER)" time="0.149" />
 </testsuite>
 <testsuite name="user actions.postUser().when failed" timestamp="2022-12-15T18:03:16" hostname="localhost" time="0.007" errors="0" tests="1" skipped="0" disabled="0" failures="0">
  <testcase classname="user actions.postUser().when failed" name="should dispatch action (START_POST_USER, FAILED_POST_USER)" time="0.007" />
 </testsuite>
 <testsuite name="user actions.getBatchUser()" timestamp="2022-12-15T18:03:16" hostname="localhost" time="0.051" errors="0" tests="0" skipped="0" disabled="0" failures="0">
 </testsuite>
 <testsuite name="user actions.getBatchUser().when succeed" timestamp="2022-12-15T18:03:16" hostname="localhost" time="0.045" errors="0" tests="1" skipped="0" disabled="0" failures="0">
  <testcase classname="user actions.getBatchUser().when succeed" name="should dispatch START_GET_BATCH_USERS, ADD_ENTITY, SUCCEED_GET_BATCH_USERS action " time="0.044" />
 </testsuite>
 <testsuite name="user actions.getBatchUser().when failed" timestamp="2022-12-15T18:03:16" hostname="localhost" time="0.006" errors="0" tests="1" skipped="0" disabled="0" failures="0">
  <testcase classname="user actions.getBatchUser().when failed" name="should dispatch START_GET_BATCH_USERS, FAILED_GET_BATCH_USERS action" time="0.005" />
 </testsuite>
 <testsuite name="user actions.getUsers()" timestamp="2022-12-15T18:03:16" hostname="localhost" time="0.014" errors="0" tests="0" skipped="0" disabled="0" failures="0">
 </testsuite>
 <testsuite name="user actions.getUsers().when succeed" timestamp="2022-12-15T18:03:16" hostname="localhost" time="0.008" errors="0" tests="1" skipped="0" disabled="0" failures="0">
  <testcase classname="user actions.getUsers().when succeed" name="should dispatch action (START_GET_SEARCH_USERS, ADD_ENTITY, SUCCEED_GET_SEARCH_USERS)" time="0.008" />
 </testsuite>
 <testsuite name="user actions.getUsers().when failed" timestamp="2022-12-15T18:03:16" hostname="localhost" time="0.006" errors="0" tests="1" skipped="0" disabled="0" failures="0">
  <testcase classname="user actions.getUsers().when failed" name="should dispatch action (START_GET_SEARCH_USERS, FAILED_GET_SEARCH_USERS)" time="0.006" />
 </testsuite>
 <testsuite name="user actions.getProfileBlocks()" timestamp="2022-12-15T18:03:16" hostname="localhost" time="0.032" errors="0" tests="0" skipped="0" disabled="0" failures="0">
 </testsuite>
 <testsuite name="user actions.getProfileBlocks().when it successfully called" timestamp="2022-12-15T18:03:16" hostname="localhost" time="0.005" errors="0" tests="1" skipped="0" disabled="0" failures="0">
  <testcase classname="user actions.getProfileBlocks().when it successfully called" name="should dispatch START,SUCCEEDED" time="0.005" />
 </testsuite>
 <testsuite name="user actions.getProfileBlocks().when it failed" timestamp="2022-12-15T18:03:16" hostname="localhost" time="0.027" errors="0" tests="1" skipped="0" disabled="0" failures="0">
  <testcase classname="user actions.getProfileBlocks().when it failed" name="should dispatch START,FAILED" time="0.027" />
 </testsuite>
</testsuites>