<?xml version="1.0" encoding="UTF-8" ?>
<testsuites disabled="0" errors="0" failures="0" tests="7" time="0.01">
 <testsuite name="RichEditor&apos;s isEmpty() helper" timestamp="2022-12-15T18:03:26" hostname="localhost" time="0.005" errors="0" tests="0" skipped="0" disabled="0" failures="0">
 </testsuite>
 <testsuite name="RichEditor&apos;s isEmpty() helper.when pass empty content" timestamp="2022-12-15T18:03:26" hostname="localhost" time="0.003" errors="0" tests="1" skipped="0" disabled="0" failures="0">
  <testcase classname="RichEditor&apos;s isEmpty() helper.when pass empty content" name="should return isEmptyText to true" time="0.003" />
 </testsuite>
 <testsuite name="RichEditor&apos;s isEmpty() helper.when pass empty text content" timestamp="2022-12-15T18:03:26" hostname="localhost" time="0" errors="0" tests="1" skipped="0" disabled="0" failures="0">
  <testcase classname="RichEditor&apos;s isEmpty() helper.when pass empty text content" name="should return isEmptyText to true" time="0" />
 </testsuite>
 <testsuite name="RichEditor&apos;s isEmpty() helper.when pass text content" timestamp="2022-12-15T18:03:26" hostname="localhost" time="0.001" errors="0" tests="1" skipped="0" disabled="0" failures="0">
  <testcase classname="RichEditor&apos;s isEmpty() helper.when pass text content" name="should return isEmptyText to false" time="0.001" />
 </testsuite>
 <testsuite name="RichEditor&apos;s isEmpty() helper.when pass empty text with file" timestamp="2022-12-15T18:03:26" hostname="localhost" time="0" errors="0" tests="1" skipped="0" disabled="0" failures="0">
  <testcase classname="RichEditor&apos;s isEmpty() helper.when pass empty text with file" name="should return isEmptyText to true and isEmptyFile to false" time="0" />
 </testsuite>
 <testsuite name="RichEditor&apos;s isEmpty() helper.when pass text with file" timestamp="2022-12-15T18:03:26" hostname="localhost" time="0.001" errors="0" tests="1" skipped="0" disabled="0" failures="0">
  <testcase classname="RichEditor&apos;s isEmpty() helper.when pass text with file" name="should return isEmptyText to false and isEmptyFile to false" time="0.001" />
 </testsuite>
 <testsuite name="RichEditor&apos;s isEmpty() helper.when pass empty text with linkPreview" timestamp="2022-12-15T18:03:26" hostname="localhost" time="0" errors="0" tests="1" skipped="0" disabled="0" failures="0">
  <testcase classname="RichEditor&apos;s isEmpty() helper.when pass empty text with linkPreview" name="should return isEmptyText to true and isEmptyLinkPreview to false" time="0" />
 </testsuite>
 <testsuite name="RichEditor&apos;s isEmpty() helper.when pass text with linkPreview" timestamp="2022-12-15T18:03:26" hostname="localhost" time="0" errors="0" tests="1" skipped="0" disabled="0" failures="0">
  <testcase classname="RichEditor&apos;s isEmpty() helper.when pass text with linkPreview" name="should return isEmptyText to false and isEmptyLinkPreview to false" time="0" />
 </testsuite>
</testsuites>