<?xml version="1.0" encoding="UTF-8" ?>
<testsuites disabled="0" errors="0" failures="0" tests="7" time="0.078">
 <testsuite name="blockitValidTextCounter Spec" timestamp="2022-12-15T18:03:20" hostname="localhost" time="0.027" errors="0" tests="0" skipped="0" disabled="0" failures="0">
 </testsuite>
 <testsuite name="blockitValidTextCounter Spec.when given empty block" timestamp="2022-12-15T18:03:20" hostname="localhost" time="0" errors="0" tests="1" skipped="0" disabled="0" failures="0">
  <testcase classname="blockitValidTextCounter Spec.when given empty block" name="should return 0 length" time="0" />
 </testsuite>
 <testsuite name="blockitValidTextCounter Spec.when given only text block" timestamp="2022-12-15T18:03:20" hostname="localhost" time="0.025" errors="0" tests="0" skipped="0" disabled="0" failures="0">
 </testsuite>
 <testsuite name="blockitValidTextCounter Spec.when given only text block.when is contain plain text only" timestamp="2022-12-15T18:03:20" hostname="localhost" time="0.01" errors="0" tests="1" skipped="0" disabled="0" failures="0">
  <testcase classname="blockitValidTextCounter Spec.when given only text block.when is contain plain text only" name="should same length" time="0.01" />
 </testsuite>
 <testsuite name="blockitValidTextCounter Spec.when given only text block.when is contain styled text" timestamp="2022-12-15T18:03:20" hostname="localhost" time="0.002" errors="0" tests="1" skipped="0" disabled="0" failures="0">
  <testcase classname="blockitValidTextCounter Spec.when given only text block.when is contain styled text" name="should same length" time="0.002" />
 </testsuite>
 <testsuite name="blockitValidTextCounter Spec.when given only text block.when is contain styled/emoji/plain text" timestamp="2022-12-15T18:03:20" hostname="localhost" time="0.012" errors="0" tests="1" skipped="0" disabled="0" failures="0">
  <testcase classname="blockitValidTextCounter Spec.when given only text block.when is contain styled/emoji/plain text" name="should same length" time="0.012" />
 </testsuite>
 <testsuite name="blockitValidTextCounter Spec.when given only text block.when is contain styled/emoji/plain/link/mention text" timestamp="2022-12-15T18:03:20" hostname="localhost" time="0.001" errors="0" tests="1" skipped="0" disabled="0" failures="0">
  <testcase classname="blockitValidTextCounter Spec.when given only text block.when is contain styled/emoji/plain/link/mention text" name="should same length" time="0.001" />
 </testsuite>
 <testsuite name="blockitValidTextCounter Spec.when give block" timestamp="2022-12-15T18:03:20" hostname="localhost" time="0" errors="0" tests="1" skipped="0" disabled="0" failures="0">
  <testcase classname="blockitValidTextCounter Spec.when give block" name="should be count 1" time="0" />
 </testsuite>
 <testsuite name="blockitValidTextCounter Spec.when give complicated block" timestamp="2022-12-15T18:03:20" hostname="localhost" time="0.001" errors="0" tests="1" skipped="0" disabled="0" failures="0">
  <testcase classname="blockitValidTextCounter Spec.when give complicated block" name="should return properly count" time="0.001" />
 </testsuite>
</testsuites>