<?xml version="1.0" encoding="UTF-8" ?>
<testsuites disabled="0" errors="0" failures="0" tests="2" time="0.004">
 <testsuite name="replaceLineBreakString()" timestamp="2022-12-15T18:03:27" hostname="localhost" time="0.002" errors="0" tests="0" skipped="0" disabled="0" failures="0">
 </testsuite>
 <testsuite name="replaceLineBreakString().when string has line break string" timestamp="2022-12-15T18:03:27" hostname="localhost" time="0.001" errors="0" tests="1" skipped="0" disabled="0" failures="0">
  <testcase classname="replaceLineBreakString().when string has line break string" name="should return string that remove line break string" time="0.001" />
 </testsuite>
 <testsuite name="replaceLineBreakString().when inject replaceStr" timestamp="2022-12-15T18:03:27" hostname="localhost" time="0.001" errors="0" tests="1" skipped="0" disabled="0" failures="0">
  <testcase classname="replaceLineBreakString().when inject replaceStr" name="should replace line break string to replaceStr" time="0.001" />
 </testsuite>
</testsuites>