<?xml version="1.0" encoding="UTF-8" ?>
<testsuites disabled="0" errors="0" failures="0" tests="7" time="0.339">
 <testsuite name="entity actions" timestamp="2022-12-15T18:03:20" hostname="localhost" time="0.113" errors="0" tests="0" skipped="0" disabled="0" failures="0">
 </testsuite>
 <testsuite name="entity actions.makeLoadEntityRecord()" timestamp="2022-12-15T18:03:20" hostname="localhost" time="0.004" errors="0" tests="0" skipped="0" disabled="0" failures="0">
 </testsuite>
 <testsuite name="entity actions.makeLoadEntityRecord().when channel data" timestamp="2022-12-15T18:03:20" hostname="localhost" time="0.002" errors="0" tests="1" skipped="0" disabled="0" failures="0">
  <testcase classname="entity actions.makeLoadEntityRecord().when channel data" name="should resolve user &amp; group data" time="0.002" />
 </testsuite>
 <testsuite name="entity actions.makeLoadEntityRecord().when message data" timestamp="2022-12-15T18:03:20" hostname="localhost" time="0" errors="0" tests="1" skipped="0" disabled="0" failures="0">
  <testcase classname="entity actions.makeLoadEntityRecord().when message data" name="should resolve user data" time="0" />
 </testsuite>
 <testsuite name="entity actions.makeLoadEntityRecord().when message data has file block" timestamp="2022-12-15T18:03:20" hostname="localhost" time="0.001" errors="0" tests="1" skipped="0" disabled="0" failures="0">
  <testcase classname="entity actions.makeLoadEntityRecord().when message data has file block" name="should resolve user &amp; file data" time="0.001" />
 </testsuite>
 <testsuite name="entity actions.makeLoadEntityRecord().when thread data" timestamp="2022-12-15T18:03:20" hostname="localhost" time="0.001" errors="0" tests="1" skipped="0" disabled="0" failures="0">
  <testcase classname="entity actions.makeLoadEntityRecord().when thread data" name="should resolve user data" time="0.001" />
 </testsuite>
 <testsuite name="entity actions.makeLoadEntityRecord().when thread + message + channel data" timestamp="2022-12-15T18:03:20" hostname="localhost" time="0" errors="0" tests="1" skipped="0" disabled="0" failures="0">
  <testcase classname="entity actions.makeLoadEntityRecord().when thread + message + channel data" name="should resolve user + group data uniq" time="0" />
 </testsuite>
 <testsuite name="entity actions.when user data" timestamp="2022-12-15T18:03:20" hostname="localhost" time="0.109" errors="0" tests="1" skipped="0" disabled="0" failures="0">
  <testcase classname="entity actions.when user data" name="should resolve user + position data uniq" time="0" />
 </testsuite>
 <testsuite name="entity actions.when user data.when some data has expired" timestamp="2022-12-15T18:03:20" hostname="localhost" time="0.109" errors="0" tests="1" skipped="0" disabled="0" failures="0">
  <testcase classname="entity actions.when user data.when some data has expired" name="should return expired id" time="-73566057.594" />
 </testsuite>
</testsuites>