<?xml version="1.0" encoding="UTF-8" ?>
<testsuites disabled="0" errors="0" failures="0" tests="2" time="0.034">
 <testsuite name="redux store test" timestamp="2022-12-15T18:03:20" hostname="localhost" time="0.034" errors="0" tests="2" skipped="0" disabled="0" failures="0">
  <testcase classname="redux store test" name="should create store object" time="0.03" />
  <testcase classname="redux store test" name="should have extraArguments" time="0.004" />
 </testsuite>
</testsuites>