<?xml version="1.0" encoding="UTF-8" ?>
<testsuites disabled="0" errors="0" failures="0" tests="2" time="0.006">
 <testsuite name="Users Entity Reducer" timestamp="2022-12-15T18:03:23" hostname="localhost" time="0.003" errors="0" tests="0" skipped="0" disabled="0" failures="0">
 </testsuite>
 <testsuite name="Users Entity Reducer.when dispatch ADD_ENTITY Action" timestamp="2022-12-15T18:03:23" hostname="localhost" time="0.002" errors="0" tests="1" skipped="0" disabled="0" failures="0">
  <testcase classname="Users Entity Reducer.when dispatch ADD_ENTITY Action" name="should added thread entity" time="0.002" />
 </testsuite>
 <testsuite name="Users Entity Reducer.when dispatch SUCCEEDED_CHANGE_MY_PROFILE" timestamp="2022-12-15T18:03:23" hostname="localhost" time="0.001" errors="0" tests="1" skipped="0" disabled="0" failures="0">
  <testcase classname="Users Entity Reducer.when dispatch SUCCEEDED_CHANGE_MY_PROFILE" name="should update as new" time="0.001" />
 </testsuite>
</testsuites>