<?xml version="1.0" encoding="UTF-8" ?>
<testsuites disabled="0" errors="0" failures="0" tests="1" time="0.027">
 <testsuite name="moim authentication" timestamp="2022-12-15T18:03:25" hostname="localhost" time="0.009" errors="0" tests="0" skipped="0" disabled="0" failures="0">
 </testsuite>
 <testsuite name="moim authentication.getAuthorizeState" timestamp="2022-12-15T18:03:25" hostname="localhost" time="0" errors="0" tests="0" skipped="0" disabled="0" failures="0">
 </testsuite>
 <testsuite name="moim authentication.getAccessToken()" timestamp="2022-12-15T18:03:25" hostname="localhost" time="0.009" errors="0" tests="0" skipped="0" disabled="0" failures="0">
 </testsuite>
 <testsuite name="moim authentication.getAccessToken().When success get authentication" timestamp="2022-12-15T18:03:25" hostname="localhost" time="0.009" errors="0" tests="1" skipped="0" disabled="0" failures="0">
  <testcase classname="moim authentication.getAccessToken().When success get authentication" name="should get access_token object" time="0.009" />
 </testsuite>
</testsuites>