<?xml version="1.0" encoding="UTF-8" ?>
<testsuites disabled="0" errors="0" failures="0" tests="1" time="0.012">
 <testsuite name="fill selector" timestamp="2022-12-15T18:03:14" hostname="localhost" time="0.004" errors="0" tests="0" skipped="0" disabled="0" failures="0">
 </testsuite>
 <testsuite name="fill selector.fileSelector" timestamp="2022-12-15T18:03:14" hostname="localhost" time="0.004" errors="0" tests="0" skipped="0" disabled="0" failures="0">
 </testsuite>
 <testsuite name="fill selector.fileSelector.when entity has target file data" timestamp="2022-12-15T18:03:14" hostname="localhost" time="0.004" errors="0" tests="1" skipped="0" disabled="0" failures="0">
  <testcase classname="fill selector.fileSelector.when entity has target file data" name="should return combined data" time="0.004" />
 </testsuite>
</testsuites>