<?xml version="1.0" encoding="UTF-8" ?>
<testsuites disabled="0" errors="0" failures="0" tests="2" time="0.814">
 <testsuite name="&lt;ImageBrochure /&gt;" timestamp="2022-12-15T18:03:14" hostname="localhost" time="0.814" errors="0" tests="2" skipped="0" disabled="0" failures="0">
  <testcase classname="&lt;ImageBrochure /&gt;" name="should render header&apos;s properly" time="0.705" />
  <testcase classname="&lt;ImageBrochure /&gt;" name="should render contentWrapper&apos;s content properly" time="0.101" />
 </testsuite>
</testsuites>