<?xml version="1.0" encoding="UTF-8" ?>
<testsuites disabled="0" errors="0" failures="0" tests="1" time="0.059">
 <testsuite name="user selector" timestamp="2022-12-15T18:03:13" hostname="localhost" time="0.024" errors="0" tests="0" skipped="0" disabled="0" failures="0">
 </testsuite>
 <testsuite name="user selector.userSelector" timestamp="2022-12-15T18:03:13" hostname="localhost" time="0.018" errors="0" tests="0" skipped="0" disabled="0" failures="0">
 </testsuite>
 <testsuite name="user selector.userSelector.when entity has target user data" timestamp="2022-12-15T18:03:13" hostname="localhost" time="0.017" errors="0" tests="1" skipped="0" disabled="0" failures="0">
  <testcase classname="user selector.userSelector.when entity has target user data" name="should return combined data" time="0.014" />
 </testsuite>
</testsuites>