<?xml version="1.0" encoding="UTF-8" ?>
<testsuites disabled="0" errors="0" failures="0" tests="2" time="0.004">
 <testsuite name="DQuest normalizer" timestamp="2022-12-15T18:03:25" hostname="localhost" time="0.002" errors="0" tests="0" skipped="0" disabled="0" failures="0">
 </testsuite>
 <testsuite name="DQuest normalizer.DQuestQuestNormalizer()" timestamp="2022-12-15T18:03:25" hostname="localhost" time="0.001" errors="0" tests="1" skipped="0" disabled="0" failures="0">
  <testcase classname="DQuest normalizer.DQuestQuestNormalizer()" name="should able normalize" time="0" />
 </testsuite>
 <testsuite name="DQuest normalizer.DQuestQuestListNormalizer()" timestamp="2022-12-15T18:03:25" hostname="localhost" time="0.001" errors="0" tests="1" skipped="0" disabled="0" failures="0">
  <testcase classname="DQuest normalizer.DQuestQuestListNormalizer()" name="should able normalize" time="0.001" />
 </testsuite>
</testsuites>