<?xml version="1.0" encoding="UTF-8" ?>
<testsuites disabled="0" errors="0" failures="0" tests="3" time="0.045">
 <testsuite name="positionFormDialog Reducer" timestamp="2022-12-15T18:03:26" hostname="localhost" time="0.023" errors="0" tests="0" skipped="0" disabled="0" failures="0">
 </testsuite>
 <testsuite name="positionFormDialog Reducer.when dispatch OPEN_FOR_CREATE Action" timestamp="2022-12-15T18:03:26" hostname="localhost" time="0.001" errors="0" tests="1" skipped="0" disabled="0" failures="0">
  <testcase classname="positionFormDialog Reducer.when dispatch OPEN_FOR_CREATE Action" name="should change mode to create type and isOpen is truthy" time="0.001" />
 </testsuite>
 <testsuite name="positionFormDialog Reducer.when dispatch OPEN_FOR_EDIT Action" timestamp="2022-12-15T18:03:26" hostname="localhost" time="0.008" errors="0" tests="1" skipped="0" disabled="0" failures="0">
  <testcase classname="positionFormDialog Reducer.when dispatch OPEN_FOR_EDIT Action" name="should change mode to Channel form mode type and isOpen is truthy" time="0.008" />
 </testsuite>
 <testsuite name="positionFormDialog Reducer.when dispatch CLOSE_CHANNEL_FORM_DIALOG Action" timestamp="2022-12-15T18:03:26" hostname="localhost" time="0.013" errors="0" tests="1" skipped="0" disabled="0" failures="0">
  <testcase classname="positionFormDialog Reducer.when dispatch CLOSE_CHANNEL_FORM_DIALOG Action" name="should change mode to undefined and isOpen is falsy" time="0.012" />
 </testsuite>
</testsuites>