<?xml version="1.0" encoding="UTF-8" ?>
<testsuites disabled="0" errors="0" failures="0" tests="1" time="0.009">
 <testsuite name="snackbar reducer" timestamp="2022-12-15T18:03:26" hostname="localhost" time="0.004" errors="0" tests="0" skipped="0" disabled="0" failures="0">
 </testsuite>
 <testsuite name="snackbar reducer.when dispatch OPEN_SNACKBAR action" timestamp="2022-12-15T18:03:26" hostname="localhost" time="0.003" errors="0" tests="0" skipped="0" disabled="0" failures="0">
 </testsuite>
 <testsuite name="snackbar reducer.when dispatch OPEN_SNACKBAR action.when not exist snackbar id" timestamp="2022-12-15T18:03:26" hostname="localhost" time="0.002" errors="0" tests="1" skipped="0" disabled="0" failures="0">
  <testcase classname="snackbar reducer.when dispatch OPEN_SNACKBAR action.when not exist snackbar id" name="should add snackbar data" time="0.002" />
 </testsuite>
 <testsuite name="snackbar reducer.when dispatch OPEN_SNACKBAR action.when exist snackbar id" timestamp="2022-12-15T18:03:26" hostname="localhost" time="0" errors="0" tests="0" skipped="0" disabled="0" failures="0">
 </testsuite>
</testsuites>