<?xml version="1.0" encoding="UTF-8" ?>
<testsuites disabled="0" errors="0" failures="0" tests="3" time="0.329">
 <testsuite name="getDocumentScrollElement()" timestamp="2022-12-15T18:03:24" hostname="localhost" time="0.165" errors="0" tests="0" skipped="0" disabled="0" failures="0">
 </testsuite>
 <testsuite name="getDocumentScrollElement().when element is null" timestamp="2022-12-15T18:03:24" hostname="localhost" time="0.001" errors="0" tests="1" skipped="0" disabled="0" failures="0">
  <testcase classname="getDocumentScrollElement().when element is null" name="Scroll Element should be null" time="0.001" />
 </testsuite>
 <testsuite name="getDocumentScrollElement().when element has not parent scrollable" timestamp="2022-12-15T18:03:24" hostname="localhost" time="0.16" errors="0" tests="1" skipped="0" disabled="0" failures="0">
  <testcase classname="getDocumentScrollElement().when element has not parent scrollable" name="Scroll Element should be scroll element" time="0.16" />
 </testsuite>
 <testsuite name="getDocumentScrollElement().when element parent scrollable" timestamp="2022-12-15T18:03:24" hostname="localhost" time="0.003" errors="0" tests="1" skipped="0" disabled="0" failures="0">
  <testcase classname="getDocumentScrollElement().when element parent scrollable" name="Scroll Element should be scroll element" time="0.003" />
 </testsuite>
</testsuites>