<?xml version="1.0" encoding="UTF-8" ?>
<testsuites disabled="0" errors="0" failures="0" tests="3" time="0.027">
 <testsuite name="useOpenState" timestamp="2022-12-15T18:03:27" hostname="localhost" time="0.015" errors="0" tests="0" skipped="0" disabled="0" failures="0">
 </testsuite>
 <testsuite name="useOpenState.when initialize hook" timestamp="2022-12-15T18:03:27" hostname="localhost" time="0" errors="0" tests="1" skipped="0" disabled="0" failures="0">
  <testcase classname="useOpenState.when initialize hook" name="should isOpen is default value as false" time="0" />
 </testsuite>
 <testsuite name="useOpenState.when call open" timestamp="2022-12-15T18:03:27" hostname="localhost" time="0.011" errors="0" tests="1" skipped="0" disabled="0" failures="0">
  <testcase classname="useOpenState.when call open" name="should isOpen is truthy" time="0.011" />
 </testsuite>
 <testsuite name="useOpenState.when call close" timestamp="2022-12-15T18:03:27" hostname="localhost" time="0.001" errors="0" tests="1" skipped="0" disabled="0" failures="0">
  <testcase classname="useOpenState.when call close" name="should isOpen is falsy" time="0.001" />
 </testsuite>
</testsuites>