<?xml version="1.0" encoding="UTF-8" ?>
<testsuites disabled="0" errors="0" failures="0" tests="8" time="0.127">
 <testsuite name="Thread entity" timestamp="2022-12-15T18:03:23" hostname="localhost" time="0.043" errors="0" tests="0" skipped="0" disabled="0" failures="0">
 </testsuite>
 <testsuite name="Thread entity.Thread normalizer" timestamp="2022-12-15T18:03:23" hostname="localhost" time="0.038" errors="0" tests="0" skipped="0" disabled="0" failures="0">
 </testsuite>
 <testsuite name="Thread entity.Thread normalizer.threadNormalizer()" timestamp="2022-12-15T18:03:23" hostname="localhost" time="0.001" errors="0" tests="1" skipped="0" disabled="0" failures="0">
  <testcase classname="Thread entity.Thread normalizer.threadNormalizer()" name="should normalize" time="0.001" />
 </testsuite>
 <testsuite name="Thread entity.Thread normalizer.threadSingleItemNormalizer()" timestamp="2022-12-15T18:03:23" hostname="localhost" time="0" errors="0" tests="1" skipped="0" disabled="0" failures="0">
  <testcase classname="Thread entity.Thread normalizer.threadSingleItemNormalizer()" name="should normalize" time="0" />
 </testsuite>
 <testsuite name="Thread entity.Thread normalizer.threadListNormalizer()" timestamp="2022-12-15T18:03:23" hostname="localhost" time="0.008" errors="0" tests="1" skipped="0" disabled="0" failures="0">
  <testcase classname="Thread entity.Thread normalizer.threadListNormalizer()" name="should normalize" time="0.007" />
 </testsuite>
 <testsuite name="Thread entity.Thread normalizer.threadListNormalizer() with paginated data" timestamp="2022-12-15T18:03:23" hostname="localhost" time="0.029" errors="0" tests="1" skipped="0" disabled="0" failures="0">
  <testcase classname="Thread entity.Thread normalizer.threadListNormalizer() with paginated data" name="should normalize" time="0.029" />
 </testsuite>
 <testsuite name="Thread entity.Thread denormalizer" timestamp="2022-12-15T18:03:23" hostname="localhost" time="0.004" errors="0" tests="0" skipped="0" disabled="0" failures="0">
 </testsuite>
 <testsuite name="Thread entity.Thread denormalizer.threadDenormalizer()" timestamp="2022-12-15T18:03:23" hostname="localhost" time="0.001" errors="0" tests="1" skipped="0" disabled="0" failures="0">
  <testcase classname="Thread entity.Thread denormalizer.threadDenormalizer()" name="should access to user property" time="0.001" />
 </testsuite>
 <testsuite name="Thread entity.Thread denormalizer.threadSingleItemDenormalizer()" timestamp="2022-12-15T18:03:23" hostname="localhost" time="0" errors="0" tests="1" skipped="0" disabled="0" failures="0">
  <testcase classname="Thread entity.Thread denormalizer.threadSingleItemDenormalizer()" name="should access to user property" time="0" />
 </testsuite>
 <testsuite name="Thread entity.Thread denormalizer.threadListDenormalizer()" timestamp="2022-12-15T18:03:23" hostname="localhost" time="0.001" errors="0" tests="1" skipped="0" disabled="0" failures="0">
  <testcase classname="Thread entity.Thread denormalizer.threadListDenormalizer()" name="should access to user property" time="0.001" />
 </testsuite>
 <testsuite name="Thread entity.Thread denormalizer.threadListDenormalizer() with paginated data" timestamp="2022-12-15T18:03:23" hostname="localhost" time="0.002" errors="0" tests="1" skipped="0" disabled="0" failures="0">
  <testcase classname="Thread entity.Thread denormalizer.threadListDenormalizer() with paginated data" name="should access to user property" time="0.002" />
 </testsuite>
</testsuites>