<?xml version="1.0" encoding="UTF-8" ?>
<testsuites disabled="0" errors="0" failures="0" tests="8" time="0.009">
 <testsuite name="conversation selector" timestamp="2022-12-15T18:03:15" hostname="localhost" time="0.005" errors="0" tests="0" skipped="0" disabled="0" failures="0">
 </testsuite>
 <testsuite name="conversation selector.conversationsSelector" timestamp="2022-12-15T18:03:15" hostname="localhost" time="0.002" errors="0" tests="1" skipped="0" disabled="0" failures="0">
  <testcase classname="conversation selector.conversationsSelector" name="should denormalize channel data from state.conversation.conversations" time="0.002" />
 </testsuite>
 <testsuite name="conversation selector.conversationMembersSelector" timestamp="2022-12-15T18:03:15" hostname="localhost" time="0.001" errors="0" tests="1" skipped="0" disabled="0" failures="0">
  <testcase classname="conversation selector.conversationMembersSelector" name="should denormalize member data from state.conversation.members" time="0.001" />
 </testsuite>
 <testsuite name="conversation selector.conversationMessagesSelector" timestamp="2022-12-15T18:03:15" hostname="localhost" time="0" errors="0" tests="1" skipped="1" disabled="0" failures="0">
  <testcase classname="conversation selector.conversationMessagesSelector" name="should denormalize message data from state.conversation.messages" time="0">
   <skipped message="Temporarily disabled with xit" />
  </testcase>
 </testsuite>
 <testsuite name="conversation selector.conversationMembersLoadingSelector" timestamp="2022-12-15T18:03:15" hostname="localhost" time="0" errors="0" tests="1" skipped="0" disabled="0" failures="0">
  <testcase classname="conversation selector.conversationMembersLoadingSelector" name="should get conversation members loading state from MOCK_CHANNEL_ID" time="0" />
 </testsuite>
 <testsuite name="conversation selector.joinConversationLoadingSelector" timestamp="2022-12-15T18:03:15" hostname="localhost" time="0" errors="0" tests="1" skipped="0" disabled="0" failures="0">
  <testcase classname="conversation selector.joinConversationLoadingSelector" name="should get join conversation loading state from MOCK_CHANNEL_ID" time="0" />
 </testsuite>
 <testsuite name="conversation selector.createMessagesLoadingSelector" timestamp="2022-12-15T18:03:15" hostname="localhost" time="0.001" errors="0" tests="1" skipped="0" disabled="0" failures="0">
  <testcase classname="conversation selector.createMessagesLoadingSelector" name="should create messages loading state from MOCK_CHANNEL_ID" time="0.001" />
 </testsuite>
 <testsuite name="conversation selector.getMessagesLoadingSelector" timestamp="2022-12-15T18:03:15" hostname="localhost" time="0" errors="0" tests="1" skipped="0" disabled="0" failures="0">
  <testcase classname="conversation selector.getMessagesLoadingSelector" name="should get messages loading state from MOCK_CHANNEL_ID" time="0" />
 </testsuite>
 <testsuite name="conversation selector.getConversationByName" timestamp="2022-12-15T18:03:15" hostname="localhost" time="0" errors="0" tests="0" skipped="0" disabled="0" failures="0">
 </testsuite>
 <testsuite name="conversation selector.getConversationByName.when has same name channel" timestamp="2022-12-15T18:03:15" hostname="localhost" time="0" errors="0" tests="1" skipped="0" disabled="0" failures="0">
  <testcase classname="conversation selector.getConversationByName.when has same name channel" name="should return denormalized channel as same name" time="0" />
 </testsuite>
</testsuites>