<?xml version="1.0" encoding="UTF-8" ?>
<testsuites disabled="0" errors="0" failures="0" tests="3" time="0.006">
 <testsuite name="Channel denormalizer" timestamp="2022-12-15T18:03:24" hostname="localhost" time="0.003" errors="0" tests="0" skipped="0" disabled="0" failures="0">
 </testsuite>
 <testsuite name="Channel denormalizer.channelDenormalizer()" timestamp="2022-12-15T18:03:24" hostname="localhost" time="0.001" errors="0" tests="1" skipped="0" disabled="0" failures="0">
  <testcase classname="Channel denormalizer.channelDenormalizer()" name="should access all of reference key field" time="0.001" />
 </testsuite>
 <testsuite name="Channel denormalizer.channelSingleItemDenormalizer()" timestamp="2022-12-15T18:03:24" hostname="localhost" time="0.002" errors="0" tests="1" skipped="0" disabled="0" failures="0">
  <testcase classname="Channel denormalizer.channelSingleItemDenormalizer()" name="should access all of reference key field" time="0.002" />
 </testsuite>
 <testsuite name="Channel denormalizer.channelListDenormalizer()" timestamp="2022-12-15T18:03:24" hostname="localhost" time="0" errors="0" tests="1" skipped="0" disabled="0" failures="0">
  <testcase classname="Channel denormalizer.channelListDenormalizer()" name="should access all of reference key field" time="0" />
 </testsuite>
</testsuites>