<?xml version="1.0" encoding="UTF-8" ?>
<testsuites disabled="0" errors="0" failures="0" tests="4" time="0.008">
 <testsuite name="Search Reducer" timestamp="2022-12-15T18:03:23" hostname="localhost" time="0.004" errors="0" tests="0" skipped="0" disabled="0" failures="0">
 </testsuite>
 <testsuite name="Search Reducer.when dispatch START_GET_SEARCH_USERS Action" timestamp="2022-12-15T18:03:23" hostname="localhost" time="0.001" errors="0" tests="1" skipped="0" disabled="0" failures="0">
  <testcase classname="Search Reducer.when dispatch START_GET_SEARCH_USERS Action" name="should change getPositionsLoading is truthy" time="0.001" />
 </testsuite>
 <testsuite name="Search Reducer.when loadmore, dispatch Loadmore SUCCEED_GET_SEARCH_USERS Action" timestamp="2022-12-15T18:03:23" hostname="localhost" time="0.001" errors="0" tests="1" skipped="0" disabled="0" failures="0">
  <testcase classname="Search Reducer.when loadmore, dispatch Loadmore SUCCEED_GET_SEARCH_USERS Action" name="should change getPositionsLoading is truthy" time="0.001" />
 </testsuite>
 <testsuite name="Search Reducer.when new users, dispatch Loadmore SUCCEED_GET_SEARCH_USERS Action" timestamp="2022-12-15T18:03:23" hostname="localhost" time="0.001" errors="0" tests="1" skipped="0" disabled="0" failures="0">
  <testcase classname="Search Reducer.when new users, dispatch Loadmore SUCCEED_GET_SEARCH_USERS Action" name="should change getPositionsLoading is truthy" time="0.001" />
 </testsuite>
 <testsuite name="Search Reducer.when dispatch FAILED_GET_SEARCH_USERS Action" timestamp="2022-12-15T18:03:23" hostname="localhost" time="0.001" errors="0" tests="1" skipped="0" disabled="0" failures="0">
  <testcase classname="Search Reducer.when dispatch FAILED_GET_SEARCH_USERS Action" name="should change getPositionsLoading is truthy" time="0.001" />
 </testsuite>
</testsuites>