<?xml version="1.0" encoding="UTF-8" ?>
<testsuites disabled="0" errors="0" failures="0" tests="2" time="0.056">
 <testsuite name="pageNameHelper" timestamp="2022-12-15T18:03:26" hostname="localhost" time="0.019" errors="0" tests="0" skipped="0" disabled="0" failures="0">
 </testsuite>
 <testsuite name="pageNameHelper.getPageName()" timestamp="2022-12-15T18:03:26" hostname="localhost" time="0.019" errors="0" tests="0" skipped="0" disabled="0" failures="0">
 </testsuite>
 <testsuite name="pageNameHelper.getPageName().when path is signup" timestamp="2022-12-15T18:03:26" hostname="localhost" time="0.016" errors="0" tests="1" skipped="0" disabled="0" failures="0">
  <testcase classname="pageNameHelper.getPageName().when path is signup" name="should return pageName is signup" time="0.016" />
 </testsuite>
 <testsuite name="pageNameHelper.getPageName().when path is not expected path" timestamp="2022-12-15T18:03:26" hostname="localhost" time="0.002" errors="0" tests="1" skipped="0" disabled="0" failures="0">
  <testcase classname="pageNameHelper.getPageName().when path is not expected path" name="should return pageName is else" time="0.001" />
 </testsuite>
</testsuites>