<?xml version="1.0" encoding="UTF-8" ?>
<testsuites disabled="0" errors="0" failures="0" tests="15" time="0.577">
 <testsuite name="forum action" timestamp="2022-12-15T18:03:17" hostname="localhost" time="0.199" errors="0" tests="0" skipped="0" disabled="0" failures="0">
 </testsuite>
 <testsuite name="forum action.getThreadList()" timestamp="2022-12-15T18:03:17" hostname="localhost" time="0.039" errors="0" tests="0" skipped="0" disabled="0" failures="0">
 </testsuite>
 <testsuite name="forum action.getThreadList().when succeed" timestamp="2022-12-15T18:03:17" hostname="localhost" time="0.038" errors="0" tests="1" skipped="0" disabled="0" failures="0">
  <testcase classname="forum action.getThreadList().when succeed" name="should dispatch action START_GET_THREAD_LIST and SUCCEED_GET_THREAD_LIST" time="0.038" />
 </testsuite>
 <testsuite name="forum action.getCommentList()" timestamp="2022-12-15T18:03:17" hostname="localhost" time="0.072" errors="0" tests="0" skipped="0" disabled="0" failures="0">
 </testsuite>
 <testsuite name="forum action.getCommentList().when succeed" timestamp="2022-12-15T18:03:17" hostname="localhost" time="0.072" errors="0" tests="1" skipped="0" disabled="0" failures="0">
  <testcase classname="forum action.getCommentList().when succeed" name="should dispatch action START_GET_COMMENT_LIST and SUCCEED_GET_COMMENT_LIST" time="0.07" />
 </testsuite>
 <testsuite name="forum action.voteThread" timestamp="2022-12-15T18:03:17" hostname="localhost" time="0.01" errors="0" tests="0" skipped="0" disabled="0" failures="0">
 </testsuite>
 <testsuite name="forum action.voteThread.when succeed" timestamp="2022-12-15T18:03:17" hostname="localhost" time="0.01" errors="0" tests="1" skipped="0" disabled="0" failures="0">
  <testcase classname="forum action.voteThread.when succeed" name="should dispatch action START_VOTE_THREAD and SUCCEEDED_VOTE_THREAD" time="0.009" />
 </testsuite>
 <testsuite name="forum action.postThread()" timestamp="2022-12-15T18:03:17" hostname="localhost" time="0.015" errors="0" tests="0" skipped="0" disabled="0" failures="0">
 </testsuite>
 <testsuite name="forum action.postThread().when called successfully" timestamp="2022-12-15T18:03:17" hostname="localhost" time="0.011" errors="0" tests="1" skipped="0" disabled="0" failures="0">
  <testcase classname="forum action.postThread().when called successfully" name="should return START, SUCCESS, CLEAR" time="0.01" />
 </testsuite>
 <testsuite name="forum action.postThread().when called failure" timestamp="2022-12-15T18:03:17" hostname="localhost" time="0.004" errors="0" tests="1" skipped="0" disabled="0" failures="0">
  <testcase classname="forum action.postThread().when called failure" name="should return START, FAILED" time="0.004" />
 </testsuite>
 <testsuite name="forum action.postComment()" timestamp="2022-12-15T18:03:17" hostname="localhost" time="0.013" errors="0" tests="0" skipped="0" disabled="0" failures="0">
 </testsuite>
 <testsuite name="forum action.postComment().when called successfully" timestamp="2022-12-15T18:03:17" hostname="localhost" time="0.008" errors="0" tests="1" skipped="0" disabled="0" failures="0">
  <testcase classname="forum action.postComment().when called successfully" name="should return START, SUCCESS" time="0.008" />
 </testsuite>
 <testsuite name="forum action.postComment().when called failure" timestamp="2022-12-15T18:03:17" hostname="localhost" time="0.005" errors="0" tests="1" skipped="0" disabled="0" failures="0">
  <testcase classname="forum action.postComment().when called failure" name="should return START, FAILED" time="0.005" />
 </testsuite>
 <testsuite name="forum action.getThread()" timestamp="2022-12-15T18:03:17" hostname="localhost" time="0.012" errors="0" tests="1" skipped="0" disabled="0" failures="0">
  <testcase classname="forum action.getThread()" name="should return START, ADD_ENTITY, SUCCEEDED" time="0.012" />
 </testsuite>
 <testsuite name="forum action.getThreadListWithOne()" timestamp="2022-12-15T18:03:17" hostname="localhost" time="0.005" errors="0" tests="1" skipped="0" disabled="0" failures="0">
  <testcase classname="forum action.getThreadListWithOne()" name="should dispatch ADD_THREAD" time="0.005" />
 </testsuite>
 <testsuite name="forum action.getConversationMessages()" timestamp="2022-12-15T18:03:17" hostname="localhost" time="0.016" errors="0" tests="0" skipped="0" disabled="0" failures="0">
 </testsuite>
 <testsuite name="forum action.getConversationMessages().when succeed" timestamp="2022-12-15T18:03:17" hostname="localhost" time="0.006" errors="0" tests="1" skipped="0" disabled="0" failures="0">
  <testcase classname="forum action.getConversationMessages().when succeed" name="should dispatch action (START_GET_THREAD_VOTES, SUCCEEDED_GET_THREAD_VOTES)" time="0.006" />
 </testsuite>
 <testsuite name="forum action.getConversationMessages().when failed" timestamp="2022-12-15T18:03:17" hostname="localhost" time="0.01" errors="0" tests="1" skipped="0" disabled="0" failures="0">
  <testcase classname="forum action.getConversationMessages().when failed" name="should dispatch action (START_GET_THREAD_VOTES, FAILED_GET_THREAD_VOTES)" time="0.009" />
 </testsuite>
 <testsuite name="forum action.deleteThread()" timestamp="2022-12-15T18:03:17" hostname="localhost" time="0.011" errors="0" tests="0" skipped="0" disabled="0" failures="0">
 </testsuite>
 <testsuite name="forum action.deleteThread().when response success" timestamp="2022-12-15T18:03:17" hostname="localhost" time="0.004" errors="0" tests="1" skipped="0" disabled="0" failures="0">
  <testcase classname="forum action.deleteThread().when response success" name="should return START, SUCCESS" time="0.003" />
 </testsuite>
 <testsuite name="forum action.deleteThread().when response failed" timestamp="2022-12-15T18:03:17" hostname="localhost" time="0.007" errors="0" tests="1" skipped="0" disabled="0" failures="0">
  <testcase classname="forum action.deleteThread().when response failed" name="should return START, FAILED" time="0.007" />
 </testsuite>
 <testsuite name="forum action.deleteReply()" timestamp="2022-12-15T18:03:17" hostname="localhost" time="0.005" errors="0" tests="0" skipped="0" disabled="0" failures="0">
 </testsuite>
 <testsuite name="forum action.deleteReply().when response success" timestamp="2022-12-15T18:03:17" hostname="localhost" time="0.003" errors="0" tests="1" skipped="0" disabled="0" failures="0">
  <testcase classname="forum action.deleteReply().when response success" name="should return START, SUCCESS" time="0.003" />
 </testsuite>
 <testsuite name="forum action.deleteReply().when response failed" timestamp="2022-12-15T18:03:17" hostname="localhost" time="0.002" errors="0" tests="1" skipped="0" disabled="0" failures="0">
  <testcase classname="forum action.deleteReply().when response failed" name="should return START, FAILED" time="0.002" />
 </testsuite>
</testsuites>