<?xml version="1.0" encoding="UTF-8" ?>
<testsuites disabled="0" errors="0" failures="0" tests="3" time="0.014">
 <testsuite name="&lt;ActionCount /&gt; Component" timestamp="2022-12-15T18:03:26" hostname="localhost" time="0.007" errors="0" tests="0" skipped="0" disabled="0" failures="0">
 </testsuite>
 <testsuite name="&lt;ActionCount /&gt; Component.When don&apos;t receive props" timestamp="2022-12-15T18:03:26" hostname="localhost" time="0.005" errors="0" tests="1" skipped="0" disabled="0" failures="0">
  <testcase classname="&lt;ActionCount /&gt; Component.When don&apos;t receive props" name="should render empty" time="0.005" />
 </testsuite>
 <testsuite name="&lt;ActionCount /&gt; Component.When value is number" timestamp="2022-12-15T18:03:26" hostname="localhost" time="0.001" errors="0" tests="1" skipped="0" disabled="0" failures="0">
  <testcase classname="&lt;ActionCount /&gt; Component.When value is number" name="should render 5.5K" time="0.001" />
 </testsuite>
 <testsuite name="&lt;ActionCount /&gt; Component.When value is empty and defaultValue is setting" timestamp="2022-12-15T18:03:26" hostname="localhost" time="0.001" errors="0" tests="1" skipped="0" disabled="0" failures="0">
  <testcase classname="&lt;ActionCount /&gt; Component.When value is empty and defaultValue is setting" name="should render Foo" time="0.001" />
 </testsuite>
</testsuites>