<?xml version="1.0" encoding="UTF-8" ?>
<testsuites disabled="0" errors="0" failures="0" tests="7" time="1.009">
 <testsuite name="User API" timestamp="2022-12-15T18:03:16" hostname="localhost" time="0.487" errors="0" tests="0" skipped="0" disabled="0" failures="0">
 </testsuite>
 <testsuite name="User API.api.batchUsers()" timestamp="2022-12-15T18:03:16" hostname="localhost" time="0.382" errors="0" tests="1" skipped="0" disabled="0" failures="0">
  <testcase classname="User API.api.batchUsers()" name="should get paginated user list data" time="0.382" />
 </testsuite>
 <testsuite name="User API.api.getUsers()" timestamp="2022-12-15T18:03:17" hostname="localhost" time="0.015" errors="0" tests="1" skipped="0" disabled="0" failures="0">
  <testcase classname="User API.api.getUsers()" name="should get paginated channel list data" time="0.015" />
 </testsuite>
 <testsuite name="User API.api.postUser()" timestamp="2022-12-15T18:03:17" hostname="localhost" time="0.008" errors="0" tests="1" skipped="0" disabled="0" failures="0">
  <testcase classname="User API.api.postUser()" name="should get posted user data" time="0.008" />
 </testsuite>
 <testsuite name="User API.api.getSearchUsers()" timestamp="2022-12-15T18:03:17" hostname="localhost" time="0.003" errors="0" tests="1" skipped="0" disabled="0" failures="0">
  <testcase classname="User API.api.getSearchUsers()" name="should get paginated user list data" time="0.003" />
 </testsuite>
 <testsuite name="User API.api.checkValidateUsername()" timestamp="2022-12-15T18:03:17" hostname="localhost" time="0.038" errors="0" tests="0" skipped="0" disabled="0" failures="0">
 </testsuite>
 <testsuite name="User API.api.checkValidateUsername().when ok to use" timestamp="2022-12-15T18:03:17" hostname="localhost" time="0.003" errors="0" tests="1" skipped="0" disabled="0" failures="0">
  <testcase classname="User API.api.checkValidateUsername().when ok to use" name="should get username validation" time="0.003" />
 </testsuite>
 <testsuite name="User API.api.checkValidateUsername().when already taken" timestamp="2022-12-15T18:03:17" hostname="localhost" time="0.034" errors="0" tests="1" skipped="0" disabled="0" failures="0">
  <testcase classname="User API.api.checkValidateUsername().when already taken" name="should get username validation" time="0.034" />
 </testsuite>
 <testsuite name="User API.api.getProfileBlockit()" timestamp="2022-12-15T18:03:17" hostname="localhost" time="0.039" errors="0" tests="1" skipped="0" disabled="0" failures="0">
  <testcase classname="User API.api.getProfileBlockit()" name="should return profile blockit" time="0.014" />
 </testsuite>
</testsuites>