<?xml version="1.0" encoding="UTF-8" ?>
<testsuites disabled="0" errors="0" failures="0" tests="6" time="0.237">
 <testsuite name="Conversation API" timestamp="2022-12-15T18:11:35" hostname="localhost" time="0.121" errors="0" tests="0" skipped="0" disabled="0" failures="0">
 </testsuite>
 <testsuite name="Conversation API.api.getConversation()" timestamp="2022-12-15T18:11:35" hostname="localhost" time="0.088" errors="0" tests="1" skipped="0" disabled="0" failures="0">
  <testcase classname="Conversation API.api.getConversation()" name="should get channel data" time="0.086" />
 </testsuite>
 <testsuite name="Conversation API.api.getConversationMembers()" timestamp="2022-12-15T18:11:35" hostname="localhost" time="0.015" errors="0" tests="1" skipped="0" disabled="0" failures="0">
  <testcase classname="Conversation API.api.getConversationMembers()" name="should get members data" time="0.015" />
 </testsuite>
 <testsuite name="Conversation API.api.joinConversation()" timestamp="2022-12-15T18:11:35" hostname="localhost" time="0.008" errors="0" tests="1" skipped="0" disabled="0" failures="0">
  <testcase classname="Conversation API.api.joinConversation()" name="should get channel data" time="0.004" />
 </testsuite>
 <testsuite name="Conversation API.api.joinConversation().api.getConversationMessages()" timestamp="2022-12-15T18:11:35" hostname="localhost" time="0.002" errors="0" tests="1" skipped="0" disabled="0" failures="0">
  <testcase classname="Conversation API.api.joinConversation().api.getConversationMessages()" name="should get message paginated data" time="0.002" />
 </testsuite>
 <testsuite name="Conversation API.api.joinConversation().api.createConversationMessage()" timestamp="2022-12-15T18:11:35" hostname="localhost" time="0.002" errors="0" tests="1" skipped="0" disabled="0" failures="0">
  <testcase classname="Conversation API.api.joinConversation().api.createConversationMessage()" name="should get message data" time="0.002" />
 </testsuite>
 <testsuite name="Conversation API.api.deleteConversationMessage()" timestamp="2022-12-15T18:11:35" hostname="localhost" time="0.001" errors="0" tests="1" skipped="0" disabled="0" failures="0">
  <testcase classname="Conversation API.api.deleteConversationMessage()" name="should delete message" time="0.001" />
 </testsuite>
</testsuites>