<?xml version="1.0" encoding="UTF-8" ?>
<testsuites disabled="0" errors="0" failures="0" tests="4" time="0.008">
 <testsuite name="MoimParser helpers" timestamp="2022-12-15T18:03:26" hostname="localhost" time="0.004" errors="0" tests="0" skipped="0" disabled="0" failures="0">
 </testsuite>
 <testsuite name="MoimParser helpers.serverSpecMentionReplace()" timestamp="2022-12-15T18:03:26" hostname="localhost" time="0.004" errors="0" tests="3" skipped="0" disabled="0" failures="0">
  <testcase classname="MoimParser helpers.serverSpecMentionReplace()" name="case 1, should return replaced text" time="0.003" />
  <testcase classname="MoimParser helpers.serverSpecMentionReplace()" name="case 2" time="0" />
  <testcase classname="MoimParser helpers.serverSpecMentionReplace()" name="case 3" time="0.001" />
 </testsuite>
 <testsuite name="MoimParser helpers.renderSpecMentionReplace()" timestamp="2022-12-15T18:03:26" hostname="localhost" time="0" errors="0" tests="1" skipped="0" disabled="0" failures="0">
  <testcase classname="MoimParser helpers.renderSpecMentionReplace()" name="should return replaced text" time="0" />
 </testsuite>
</testsuites>