<?xml version="1.0" encoding="UTF-8" ?>
<testsuites disabled="0" errors="0" failures="0" tests="2" time="0.183">
 <testsuite name="MoimAPI" timestamp="2022-12-15T18:03:13" hostname="localhost" time="0.092" errors="0" tests="0" skipped="0" disabled="0" failures="0">
 </testsuite>
 <testsuite name="MoimAPI.Setting base host url" timestamp="2022-12-15T18:03:13" hostname="localhost" time="0.081" errors="0" tests="1" skipped="0" disabled="0" failures="0">
  <testcase classname="MoimAPI.Setting base host url" name="should set config baseUrl is the arguments host" time="0.078" />
 </testsuite>
 <testsuite name="MoimAPI.getConfig()" timestamp="2022-12-15T18:03:13" hostname="localhost" time="0.005" errors="0" tests="0" skipped="0" disabled="0" failures="0">
 </testsuite>
 <testsuite name="MoimAPI.getConfig().get overwriting param data config spec" timestamp="2022-12-15T18:03:13" hostname="localhost" time="0.005" errors="0" tests="1" skipped="0" disabled="0" failures="0">
  <testcase classname="MoimAPI.getConfig().get overwriting param data config spec" name="should set config.param.foo is &apos;bar&apos;" time="0.004" />
 </testsuite>
</testsuites>