<?xml version="1.0" encoding="UTF-8" ?>
<testsuites disabled="0" errors="0" failures="0" tests="4" time="0.064">
 <testsuite name="app selector" timestamp="2022-12-15T18:03:13" hostname="localhost" time="0.026" errors="0" tests="0" skipped="0" disabled="0" failures="0">
 </testsuite>
 <testsuite name="app selector.currentUserSelector" timestamp="2022-12-15T18:03:13" hostname="localhost" time="0.02" errors="0" tests="0" skipped="0" disabled="0" failures="0">
 </testsuite>
 <testsuite name="app selector.currentUserSelector.when currentUserId is null" timestamp="2022-12-15T18:03:13" hostname="localhost" time="0.015" errors="0" tests="1" skipped="0" disabled="0" failures="0">
  <testcase classname="app selector.currentUserSelector.when currentUserId is null" name="should return null" time="0.013" />
 </testsuite>
 <testsuite name="app selector.currentUserSelector.when currentUserId is not null" timestamp="2022-12-15T18:03:13" hostname="localhost" time="0.003" errors="0" tests="1" skipped="0" disabled="0" failures="0">
  <testcase classname="app selector.currentUserSelector.when currentUserId is not null" name="should return user data" time="0.002" />
 </testsuite>
 <testsuite name="app selector.currentGroupSelector" timestamp="2022-12-15T18:03:13" hostname="localhost" time="0" errors="0" tests="0" skipped="0" disabled="0" failures="0">
 </testsuite>
 <testsuite name="app selector.currentGroupSelector.when currentGroupId is null" timestamp="2022-12-15T18:03:13" hostname="localhost" time="0" errors="0" tests="1" skipped="0" disabled="0" failures="0">
  <testcase classname="app selector.currentGroupSelector.when currentGroupId is null" name="should return null" time="0" />
 </testsuite>
 <testsuite name="app selector.currentGroupSelector.when currentGroupId is not null" timestamp="2022-12-15T18:03:13" hostname="localhost" time="0" errors="0" tests="1" skipped="0" disabled="0" failures="0">
  <testcase classname="app selector.currentGroupSelector.when currentGroupId is not null" name="should return group data" time="0" />
 </testsuite>
</testsuites>