<?xml version="1.0" encoding="UTF-8" ?>
<testsuites disabled="0" errors="0" failures="0" tests="3" time="0.076">
 <testsuite name="DirectMessage Normalizer" timestamp="2022-12-15T18:03:26" hostname="localhost" time="0.038" errors="0" tests="0" skipped="0" disabled="0" failures="0">
 </testsuite>
 <testsuite name="DirectMessage Normalizer.directMessageNormalizer()" timestamp="2022-12-15T18:03:26" hostname="localhost" time="0.008" errors="0" tests="1" skipped="0" disabled="0" failures="0">
  <testcase classname="DirectMessage Normalizer.directMessageNormalizer()" name="should able normalize" time="0.003" />
 </testsuite>
 <testsuite name="DirectMessage Normalizer.directMessageSingleItemNormalizer()" timestamp="2022-12-15T18:03:26" hostname="localhost" time="0.03" errors="0" tests="1" skipped="0" disabled="0" failures="0">
  <testcase classname="DirectMessage Normalizer.directMessageSingleItemNormalizer()" name="should able normalize" time="0.03" />
 </testsuite>
 <testsuite name="DirectMessage Normalizer.directMessageListNormalizer()" timestamp="2022-12-15T18:03:26" hostname="localhost" time="0" errors="0" tests="1" skipped="0" disabled="0" failures="0">
  <testcase classname="DirectMessage Normalizer.directMessageListNormalizer()" name="should able normalize" time="0" />
 </testsuite>
</testsuites>