<?xml version="1.0" encoding="UTF-8" ?>
<testsuites disabled="0" errors="0" failures="0" tests="3" time="0.006">
 <testsuite name="Tag normalizer" timestamp="2022-12-15T18:03:24" hostname="localhost" time="0.003" errors="0" tests="0" skipped="0" disabled="0" failures="0">
 </testsuite>
 <testsuite name="Tag normalizer.tagNormalizer()" timestamp="2022-12-15T18:03:24" hostname="localhost" time="0.001" errors="0" tests="1" skipped="0" disabled="0" failures="0">
  <testcase classname="Tag normalizer.tagNormalizer()" name="should able normalize" time="0.001" />
 </testsuite>
 <testsuite name="Tag normalizer.tagSingleItemNormalizer()" timestamp="2022-12-15T18:03:24" hostname="localhost" time="0.002" errors="0" tests="1" skipped="0" disabled="0" failures="0">
  <testcase classname="Tag normalizer.tagSingleItemNormalizer()" name="should able normalize" time="0.002" />
 </testsuite>
 <testsuite name="Tag normalizer.tagListNormalizer()" timestamp="2022-12-15T18:03:24" hostname="localhost" time="0" errors="0" tests="1" skipped="0" disabled="0" failures="0">
  <testcase classname="Tag normalizer.tagListNormalizer()" name="should able normalize" time="0" />
 </testsuite>
</testsuites>