<?xml version="1.0" encoding="UTF-8" ?>
<testsuites disabled="0" errors="0" failures="0" tests="5" time="0.006">
 <testsuite name="Profile dialog reducer" timestamp="2022-12-15T18:03:26" hostname="localhost" time="0.003" errors="0" tests="0" skipped="0" disabled="0" failures="0">
 </testsuite>
 <testsuite name="Profile dialog reducer.when receive OPEN_PROFILE_DIALOG" timestamp="2022-12-15T18:03:26" hostname="localhost" time="0.001" errors="0" tests="1" skipped="0" disabled="0" failures="0">
  <testcase classname="Profile dialog reducer.when receive OPEN_PROFILE_DIALOG" name="should isOpen to true, set targetUserId" time="0.001" />
 </testsuite>
 <testsuite name="Profile dialog reducer.when receive CLOSE_PROFILE_DIALOG" timestamp="2022-12-15T18:03:26" hostname="localhost" time="0.001" errors="0" tests="1" skipped="0" disabled="0" failures="0">
  <testcase classname="Profile dialog reducer.when receive CLOSE_PROFILE_DIALOG" name="should isOpen to false, set targetUserId to empty" time="0.001" />
 </testsuite>
 <testsuite name="Profile dialog reducer.when receive START_FETCHING_PROFILE" timestamp="2022-12-15T18:03:26" hostname="localhost" time="0" errors="0" tests="1" skipped="0" disabled="0" failures="0">
  <testcase classname="Profile dialog reducer.when receive START_FETCHING_PROFILE" name="should isLoading to true, isFailed to false" time="0" />
 </testsuite>
 <testsuite name="Profile dialog reducer.when receive FAILED_FETCHING_PROFILE" timestamp="2022-12-15T18:03:26" hostname="localhost" time="0" errors="0" tests="1" skipped="0" disabled="0" failures="0">
  <testcase classname="Profile dialog reducer.when receive FAILED_FETCHING_PROFILE" name="should isLoading to true, isFailed to false" time="0" />
 </testsuite>
 <testsuite name="Profile dialog reducer.when receive SUCCEED_FETCHING_PROFILE" timestamp="2022-12-15T18:03:26" hostname="localhost" time="0.001" errors="0" tests="1" skipped="0" disabled="0" failures="0">
  <testcase classname="Profile dialog reducer.when receive SUCCEED_FETCHING_PROFILE" name="should isLoading to true, isFailed to false" time="0.001" />
 </testsuite>
</testsuites>