<?xml version="1.0" encoding="UTF-8" ?>
<testsuites disabled="0" errors="0" failures="0" tests="4" time="0.008">
 <testsuite name="mergePaginatedResponse" timestamp="2022-12-15T18:03:26" hostname="localhost" time="0.004" errors="0" tests="0" skipped="0" disabled="0" failures="0">
 </testsuite>
 <testsuite name="mergePaginatedResponse.when before object is undefined" timestamp="2022-12-15T18:03:26" hostname="localhost" time="0.003" errors="0" tests="1" skipped="0" disabled="0" failures="0">
  <testcase classname="mergePaginatedResponse.when before object is undefined" name="should after object be returned" time="0.003" />
 </testsuite>
 <testsuite name="mergePaginatedResponse.when before object is enable" timestamp="2022-12-15T18:03:26" hostname="localhost" time="0" errors="0" tests="1" skipped="0" disabled="0" failures="0">
  <testcase classname="mergePaginatedResponse.when before object is enable" name="should before &amp; after data object be merged" time="0" />
 </testsuite>
 <testsuite name="mergePaginatedResponse.when after object paging is empty" timestamp="2022-12-15T18:03:26" hostname="localhost" time="0.001" errors="0" tests="1" skipped="0" disabled="0" failures="0">
  <testcase classname="mergePaginatedResponse.when after object paging is empty" name="should resolved object paging is be empty" time="0.001" />
 </testsuite>
 <testsuite name="mergePaginatedResponse.when after object data is empty" timestamp="2022-12-15T18:03:26" hostname="localhost" time="0" errors="0" tests="1" skipped="0" disabled="0" failures="0">
  <testcase classname="mergePaginatedResponse.when after object data is empty" name="should resolved object paging is be empty" time="0" />
 </testsuite>
</testsuites>