<?xml version="1.0" encoding="UTF-8" ?>
<testsuites disabled="0" errors="0" failures="0" tests="2" time="0.206">
 <testsuite name="Analytics" timestamp="2022-12-15T18:03:25" hostname="localhost" time="0.103" errors="0" tests="0" skipped="0" disabled="0" failures="0">
 </testsuite>
 <testsuite name="Analytics.when call event()" timestamp="2022-12-15T18:03:25" hostname="localhost" time="0.084" errors="0" tests="1" skipped="0" disabled="0" failures="0">
  <testcase classname="Analytics.when call event()" name="should call tracker event Method" time="0.084" />
 </testsuite>
 <testsuite name="Analytics.when call screenView()" timestamp="2022-12-15T18:03:25" hostname="localhost" time="0.019" errors="0" tests="1" skipped="0" disabled="0" failures="0">
  <testcase classname="Analytics.when call screenView()" name="should call tracker screenView Method" time="0.019" />
 </testsuite>
</testsuites>