<?xml version="1.0" encoding="UTF-8" ?>
<testsuites disabled="0" errors="0" failures="0" tests="1" time="0.002">
 <testsuite name="Moim Entity Reducer" timestamp="2022-12-15T18:03:23" hostname="localhost" time="0.001" errors="0" tests="0" skipped="0" disabled="0" failures="0">
 </testsuite>
 <testsuite name="Moim Entity Reducer.when dispatch ADD_ENTITY Action" timestamp="2022-12-15T18:03:23" hostname="localhost" time="0.001" errors="0" tests="1" skipped="0" disabled="0" failures="0">
  <testcase classname="Moim Entity Reducer.when dispatch ADD_ENTITY Action" name="should added moim entity" time="0.001" />
 </testsuite>
</testsuites>