<?xml version="1.0" encoding="UTF-8" ?>
<testsuites disabled="0" errors="0" failures="0" tests="4" time="0.008">
 <testsuite name="ForumThreadListPage Reducer" timestamp="2022-12-15T18:03:22" hostname="localhost" time="0.004" errors="0" tests="0" skipped="0" disabled="0" failures="0">
 </testsuite>
 <testsuite name="ForumThreadListPage Reducer.when dispatch START_GET_THREAD_LIST action" timestamp="2022-12-15T18:03:22" hostname="localhost" time="0.002" errors="0" tests="1" skipped="0" disabled="0" failures="0">
  <testcase classname="ForumThreadListPage Reducer.when dispatch START_GET_THREAD_LIST action" name="should change isLoading, sort state" time="0.002" />
 </testsuite>
 <testsuite name="ForumThreadListPage Reducer.when dispatch SUCCEED_GET_THREAD_LIST action" timestamp="2022-12-15T18:03:22" hostname="localhost" time="0.001" errors="0" tests="1" skipped="0" disabled="0" failures="0">
  <testcase classname="ForumThreadListPage Reducer.when dispatch SUCCEED_GET_THREAD_LIST action" name="should change isLoading" time="0.001" />
 </testsuite>
 <testsuite name="ForumThreadListPage Reducer.when dispatch FAILED_GET_THREAD_LIST action" timestamp="2022-12-15T18:03:22" hostname="localhost" time="0" errors="0" tests="1" skipped="0" disabled="0" failures="0">
  <testcase classname="ForumThreadListPage Reducer.when dispatch FAILED_GET_THREAD_LIST action" name="should change isLoading" time="0" />
 </testsuite>
 <testsuite name="ForumThreadListPage Reducer.when dispatch CHANGE_FILTER_OPTION action" timestamp="2022-12-15T18:03:22" hostname="localhost" time="0.001" errors="0" tests="1" skipped="0" disabled="0" failures="0">
  <testcase classname="ForumThreadListPage Reducer.when dispatch CHANGE_FILTER_OPTION action" name="should change specific changes" time="0.001" />
 </testsuite>
</testsuites>